2018-04-19 17:37:52.428  INFO 10998 --- [main] c.c.c.ConfigServicePropertySourceLocator : Fetching config from server at: http://localhost:6061
2018-04-19 17:37:52.712  INFO 10998 --- [main] c.c.c.ConfigServicePropertySourceLocator : Located environment: name=authservice, profiles=[default], label=null, version=null, state=null
2018-04-19 17:37:52.713  INFO 10998 --- [main] b.c.PropertySourceBootstrapConfiguration : Located property source: CompositePropertySource {name='configService', propertySources=[MapPropertySource {name='file:/home/sagar/git/microservice_workshop/config-files/authservice.yml'}]}
2018-04-19 17:37:52.795  INFO 10998 --- [main] com.metamagic.ms.AuthServiceApplication  : No active profile set, falling back to default profiles: default
2018-04-19 17:37:52.821  INFO 10998 --- [main] ConfigServletWebServerApplicationContext : Refreshing org.springframework.boot.web.servlet.context.AnnotationConfigServletWebServerApplicationContext@53fd0d10: startup date [Thu Apr 19 17:37:52 IST 2018]; parent: org.springframework.context.annotation.AnnotationConfigApplicationContext@1dac5ef
2018-04-19 17:37:53.934  INFO 10998 --- [main] o.s.b.f.s.DefaultListableBeanFactory     : Overriding bean definition for bean 'environmentWebEndpointExtension' with a different definition: replacing [Root bean: class [null]; scope=; abstract=false; lazyInit=false; autowireMode=3; dependencyCheck=0; autowireCandidate=true; primary=false; factoryBeanName=org.springframework.boot.actuate.autoconfigure.env.EnvironmentEndpointAutoConfiguration; factoryMethodName=environmentWebEndpointExtension; initMethodName=null; destroyMethodName=(inferred); defined in class path resource [org/springframework/boot/actuate/autoconfigure/env/EnvironmentEndpointAutoConfiguration.class]] with [Root bean: class [null]; scope=; abstract=false; lazyInit=false; autowireMode=3; dependencyCheck=0; autowireCandidate=true; primary=false; factoryBeanName=org.springframework.cloud.autoconfigure.LifecycleMvcEndpointAutoConfiguration$EndpointConfiguration; factoryMethodName=environmentWebEndpointExtension; initMethodName=null; destroyMethodName=(inferred); defined in class path resource [org/springframework/cloud/autoconfigure/LifecycleMvcEndpointAutoConfiguration$EndpointConfiguration.class]]
2018-04-19 17:37:54.355  INFO 10998 --- [main] o.s.cloud.context.scope.GenericScope     : BeanFactory id=5525c403-11a8-32dd-a3e5-f0410463254d
2018-04-19 17:37:54.374  INFO 10998 --- [main] f.a.AutowiredAnnotationBeanPostProcessor : JSR-330 'javax.inject.Inject' annotation found and supported for autowiring
2018-04-19 17:37:54.393  INFO 10998 --- [main] trationDelegate$BeanPostProcessorChecker : Bean 'org.springframework.kafka.annotation.KafkaBootstrapConfiguration' of type [org.springframework.kafka.annotation.KafkaBootstrapConfiguration$$EnhancerBySpringCGLIB$$fb678a55] is not eligible for getting processed by all BeanPostProcessors (for example: not eligible for auto-proxying)
2018-04-19 17:37:54.703  INFO 10998 --- [main] trationDelegate$BeanPostProcessorChecker : Bean 'org.springframework.cloud.autoconfigure.ConfigurationPropertiesRebinderAutoConfiguration' of type [org.springframework.cloud.autoconfigure.ConfigurationPropertiesRebinderAutoConfiguration$$EnhancerBySpringCGLIB$$43cf7bcf] is not eligible for getting processed by all BeanPostProcessors (for example: not eligible for auto-proxying)
2018-04-19 17:37:55.032  INFO 10998 --- [main] o.s.b.w.embedded.tomcat.TomcatWebServer  : Tomcat initialized with port(s): 8585 (http)
2018-04-19 17:37:55.058  INFO 10998 --- [main] o.apache.catalina.core.StandardService   : Starting service [Tomcat]
2018-04-19 17:37:55.058  INFO 10998 --- [main] org.apache.catalina.core.StandardEngine  : Starting Servlet Engine: Apache Tomcat/8.5.29
2018-04-19 17:37:55.067  INFO 10998 --- [localhost-startStop-1] o.a.catalina.core.AprLifecycleListener   : The APR based Apache Tomcat Native library which allows optimal performance in production environments was not found on the java.library.path: [/usr/java/packages/lib/amd64:/usr/lib/x86_64-linux-gnu/jni:/lib/x86_64-linux-gnu:/usr/lib/x86_64-linux-gnu:/usr/lib/jni:/lib:/usr/lib]
2018-04-19 17:37:55.200  INFO 10998 --- [localhost-startStop-1] o.a.c.c.C.[Tomcat].[localhost].[/]       : Initializing Spring embedded WebApplicationContext
2018-04-19 17:37:55.202  INFO 10998 --- [localhost-startStop-1] o.s.web.context.ContextLoader            : Root WebApplicationContext: initialization completed in 2381 ms
2018-04-19 17:37:56.682  INFO 10998 --- [localhost-startStop-1] o.s.b.w.servlet.ServletRegistrationBean  : Servlet dispatcherServlet mapped to [/]
2018-04-19 17:37:56.685  INFO 10998 --- [localhost-startStop-1] o.s.b.w.servlet.FilterRegistrationBean   : Mapping filter: 'characterEncodingFilter' to: [/*]
2018-04-19 17:37:56.685  INFO 10998 --- [localhost-startStop-1] o.s.b.w.servlet.FilterRegistrationBean   : Mapping filter: 'hiddenHttpMethodFilter' to: [/*]
2018-04-19 17:37:56.685  INFO 10998 --- [localhost-startStop-1] o.s.b.w.servlet.FilterRegistrationBean   : Mapping filter: 'httpPutFormContentFilter' to: [/*]
2018-04-19 17:37:56.685  INFO 10998 --- [localhost-startStop-1] o.s.b.w.servlet.FilterRegistrationBean   : Mapping filter: 'requestContextFilter' to: [/*]
2018-04-19 17:37:56.685  INFO 10998 --- [localhost-startStop-1] o.s.b.w.servlet.FilterRegistrationBean   : Mapping filter: 'httpTraceFilter' to: [/*]
2018-04-19 17:37:56.685  INFO 10998 --- [localhost-startStop-1] o.s.b.w.servlet.FilterRegistrationBean   : Mapping filter: 'webMvcMetricsFilter' to: [/*]
2018-04-19 17:37:57.254  WARN 10998 --- [main] c.n.c.sources.URLConfigurationSource     : No URLs will be polled as dynamic configuration sources.
2018-04-19 17:37:57.254  INFO 10998 --- [main] c.n.c.sources.URLConfigurationSource     : To enable URLs as dynamic configuration sources, define System property archaius.configurationSource.additionalUrls or make config.properties available on classpath.
2018-04-19 17:37:57.259  WARN 10998 --- [main] c.n.c.sources.URLConfigurationSource     : No URLs will be polled as dynamic configuration sources.
2018-04-19 17:37:57.260  INFO 10998 --- [main] c.n.c.sources.URLConfigurationSource     : To enable URLs as dynamic configuration sources, define System property archaius.configurationSource.additionalUrls or make config.properties available on classpath.
2018-04-19 17:37:57.368  INFO 10998 --- [main] o.s.w.s.handler.SimpleUrlHandlerMapping  : Mapped URL path [/**/favicon.ico] onto handler of type [class org.springframework.web.servlet.resource.ResourceHttpRequestHandler]
2018-04-19 17:37:57.829  INFO 10998 --- [main] s.w.s.m.m.a.RequestMappingHandlerAdapter : Looking for @ControllerAdvice: org.springframework.boot.web.servlet.context.AnnotationConfigServletWebServerApplicationContext@53fd0d10: startup date [Thu Apr 19 17:37:52 IST 2018]; parent: org.springframework.context.annotation.AnnotationConfigApplicationContext@1dac5ef
2018-04-19 17:37:57.917  INFO 10998 --- [main] s.w.s.m.m.a.RequestMappingHandlerMapping : Mapped "{[/auth/authenticate],methods=[POST],produces=[application/json]}" onto public org.springframework.http.ResponseEntity<com.metamagic.ms.bean.ResponseBean> com.metamagic.ms.controller.read.AuthController.authenticate(com.metamagic.ms.dto.LoginDTO)
2018-04-19 17:37:57.920  INFO 10998 --- [main] s.w.s.m.m.a.RequestMappingHandlerMapping : Mapped "{[/user/create],methods=[POST],produces=[application/json]}" onto public org.springframework.http.ResponseEntity<com.metamagic.ms.bean.ResponseBean> com.metamagic.ms.controller.write.UserController.createUser(com.metamagic.ms.dto.UserDTO)
2018-04-19 17:37:57.921  INFO 10998 --- [main] s.w.s.m.m.a.RequestMappingHandlerMapping : Mapped "{[/error],produces=[text/html]}" onto public org.springframework.web.servlet.ModelAndView org.springframework.boot.autoconfigure.web.servlet.error.BasicErrorController.errorHtml(javax.servlet.http.HttpServletRequest,javax.servlet.http.HttpServletResponse)
2018-04-19 17:37:57.922  INFO 10998 --- [main] s.w.s.m.m.a.RequestMappingHandlerMapping : Mapped "{[/error]}" onto public org.springframework.http.ResponseEntity<java.util.Map<java.lang.String, java.lang.Object>> org.springframework.boot.autoconfigure.web.servlet.error.BasicErrorController.error(javax.servlet.http.HttpServletRequest)
2018-04-19 17:37:57.993  INFO 10998 --- [main] o.s.w.s.handler.SimpleUrlHandlerMapping  : Mapped URL path [/webjars/**] onto handler of type [class org.springframework.web.servlet.resource.ResourceHttpRequestHandler]
2018-04-19 17:37:57.993  INFO 10998 --- [main] o.s.w.s.handler.SimpleUrlHandlerMapping  : Mapped URL path [/**] onto handler of type [class org.springframework.web.servlet.resource.ResourceHttpRequestHandler]
2018-04-19 17:37:58.525  INFO 10998 --- [main] o.s.ui.freemarker.SpringTemplateLoader   : SpringTemplateLoader for FreeMarker: using resource loader [org.springframework.boot.web.servlet.context.AnnotationConfigServletWebServerApplicationContext@53fd0d10: startup date [Thu Apr 19 17:37:52 IST 2018]; parent: org.springframework.context.annotation.AnnotationConfigApplicationContext@1dac5ef] and template loader path [classpath:/templates/]
2018-04-19 17:37:58.527  INFO 10998 --- [main] o.s.w.s.v.f.FreeMarkerConfigurer         : ClassTemplateLoader for Spring macros added to FreeMarker configuration
2018-04-19 17:37:58.897  INFO 10998 --- [main] o.s.b.a.e.web.EndpointLinksResolver      : Exposing 2 endpoint(s) beneath base path '/actuator'
2018-04-19 17:37:58.905  INFO 10998 --- [main] s.b.a.e.w.s.WebMvcEndpointHandlerMapping : Mapped "{[/actuator/health],methods=[GET],produces=[application/vnd.spring-boot.actuator.v2+json || application/json]}" onto public java.lang.Object org.springframework.boot.actuate.endpoint.web.servlet.AbstractWebMvcEndpointHandlerMapping$OperationHandler.handle(javax.servlet.http.HttpServletRequest,java.util.Map<java.lang.String, java.lang.String>)
2018-04-19 17:37:58.906  INFO 10998 --- [main] s.b.a.e.w.s.WebMvcEndpointHandlerMapping : Mapped "{[/actuator/info],methods=[GET],produces=[application/vnd.spring-boot.actuator.v2+json || application/json]}" onto public java.lang.Object org.springframework.boot.actuate.endpoint.web.servlet.AbstractWebMvcEndpointHandlerMapping$OperationHandler.handle(javax.servlet.http.HttpServletRequest,java.util.Map<java.lang.String, java.lang.String>)
2018-04-19 17:37:58.908  INFO 10998 --- [main] s.b.a.e.w.s.WebMvcEndpointHandlerMapping : Mapped "{[/actuator],methods=[GET],produces=[application/vnd.spring-boot.actuator.v2+json || application/json]}" onto protected java.util.Map<java.lang.String, java.util.Map<java.lang.String, org.springframework.boot.actuate.endpoint.web.Link>> org.springframework.boot.actuate.endpoint.web.servlet.WebMvcEndpointHandlerMapping.links(javax.servlet.http.HttpServletRequest,javax.servlet.http.HttpServletResponse)
2018-04-19 17:37:58.961  INFO 10998 --- [main] o.s.j.e.a.AnnotationMBeanExporter        : Registering beans for JMX exposure on startup
2018-04-19 17:37:58.972  INFO 10998 --- [main] o.s.j.e.a.AnnotationMBeanExporter        : Bean with name 'configurationPropertiesRebinder' has been autodetected for JMX exposure
2018-04-19 17:37:58.973  INFO 10998 --- [main] o.s.j.e.a.AnnotationMBeanExporter        : Bean with name 'environmentManager' has been autodetected for JMX exposure
2018-04-19 17:37:58.974  INFO 10998 --- [main] o.s.j.e.a.AnnotationMBeanExporter        : Bean with name 'refreshScope' has been autodetected for JMX exposure
2018-04-19 17:37:58.977  INFO 10998 --- [main] o.s.j.e.a.AnnotationMBeanExporter        : Located managed bean 'environmentManager': registering with JMX server as MBean [org.springframework.cloud.context.environment:name=environmentManager,type=EnvironmentManager]
2018-04-19 17:37:58.991  INFO 10998 --- [main] o.s.j.e.a.AnnotationMBeanExporter        : Located managed bean 'refreshScope': registering with JMX server as MBean [org.springframework.cloud.context.scope.refresh:name=refreshScope,type=RefreshScope]
2018-04-19 17:37:58.999  INFO 10998 --- [main] o.s.j.e.a.AnnotationMBeanExporter        : Located managed bean 'configurationPropertiesRebinder': registering with JMX server as MBean [org.springframework.cloud.context.properties:name=configurationPropertiesRebinder,context=53fd0d10,type=ConfigurationPropertiesRebinder]
2018-04-19 17:37:59.014  INFO 10998 --- [main] o.s.c.support.DefaultLifecycleProcessor  : Starting beans in phase 0
2018-04-19 17:37:59.035  INFO 10998 --- [main] o.s.c.n.eureka.InstanceInfoFactory       : Setting initial instance status as: STARTING
2018-04-19 17:37:59.098  INFO 10998 --- [main] com.netflix.discovery.DiscoveryClient    : Initializing Eureka in region us-east-1
2018-04-19 17:37:59.394  INFO 10998 --- [main] c.n.d.provider.DiscoveryJerseyProvider   : Using JSON encoding codec LegacyJacksonJson
2018-04-19 17:37:59.394  INFO 10998 --- [main] c.n.d.provider.DiscoveryJerseyProvider   : Using JSON decoding codec LegacyJacksonJson
2018-04-19 17:37:59.855  INFO 10998 --- [main] c.n.d.provider.DiscoveryJerseyProvider   : Using XML encoding codec XStreamXml
2018-04-19 17:37:59.856  INFO 10998 --- [main] c.n.d.provider.DiscoveryJerseyProvider   : Using XML decoding codec XStreamXml
2018-04-19 17:38:00.074  INFO 10998 --- [main] c.n.d.s.r.aws.ConfigClusterResolver      : Resolving eureka endpoints via configuration
2018-04-19 17:38:00.100  INFO 10998 --- [main] com.netflix.discovery.DiscoveryClient    : Disable delta property : false
2018-04-19 17:38:00.100  INFO 10998 --- [main] com.netflix.discovery.DiscoveryClient    : Single vip registry refresh property : null
2018-04-19 17:38:00.100  INFO 10998 --- [main] com.netflix.discovery.DiscoveryClient    : Force full registry fetch : false
2018-04-19 17:38:00.100  INFO 10998 --- [main] com.netflix.discovery.DiscoveryClient    : Application is null : false
2018-04-19 17:38:00.100  INFO 10998 --- [main] com.netflix.discovery.DiscoveryClient    : Registered Applications size is zero : true
2018-04-19 17:38:00.101  INFO 10998 --- [main] com.netflix.discovery.DiscoveryClient    : Application version is -1: true
2018-04-19 17:38:00.101  INFO 10998 --- [main] com.netflix.discovery.DiscoveryClient    : Getting all instance registry info from the eureka server
2018-04-19 17:38:00.233  INFO 10998 --- [main] com.netflix.discovery.DiscoveryClient    : The response status is 200
2018-04-19 17:38:00.236  INFO 10998 --- [main] com.netflix.discovery.DiscoveryClient    : Starting heartbeat executor: renew interval is: 5
2018-04-19 17:38:00.239  INFO 10998 --- [main] c.n.discovery.InstanceInfoReplicator     : InstanceInfoReplicator onDemand update allowed rate per min is 4
2018-04-19 17:38:00.245  INFO 10998 --- [main] com.netflix.discovery.DiscoveryClient    : Discovery Client initialized at timestamp 1524139680243 with initial instances count: 8
2018-04-19 17:38:00.261  INFO 10998 --- [main] o.s.c.n.e.s.EurekaServiceRegistry        : Registering application authservice with eureka with status UP
2018-04-19 17:38:00.262  INFO 10998 --- [main] com.netflix.discovery.DiscoveryClient    : Saw local status change event StatusChangeEvent [timestamp=1524139680262, current=UP, previous=STARTING]
2018-04-19 17:38:00.264  INFO 10998 --- [DiscoveryClient-InstanceInfoReplicator-0] com.netflix.discovery.DiscoveryClient    : DiscoveryClient_AUTHSERVICE/192.168.2.18:authservice:8585: registering service...
2018-04-19 17:38:00.270  INFO 10998 --- [main] o.s.c.support.DefaultLifecycleProcessor  : Starting beans in phase 2147483547
2018-04-19 17:38:00.305  INFO 10998 --- [DiscoveryClient-InstanceInfoReplicator-0] com.netflix.discovery.DiscoveryClient    : DiscoveryClient_AUTHSERVICE/192.168.2.18:authservice:8585 - registration status: 204
2018-04-19 17:38:00.347  INFO 10998 --- [main] o.s.b.w.embedded.tomcat.TomcatWebServer  : Tomcat started on port(s): 8585 (http) with context path ''
2018-04-19 17:38:00.348  INFO 10998 --- [main] .s.c.n.e.s.EurekaAutoServiceRegistration : Updating port to 8585
2018-04-19 17:38:00.353  INFO 10998 --- [main] com.metamagic.ms.AuthServiceApplication  : Started AuthServiceApplication in 9.949 seconds (JVM running for 10.372)
2018-04-19 17:40:56.621  INFO 10998 --- [http-nio-8585-exec-1] o.a.c.c.C.[Tomcat].[localhost].[/]       : Initializing Spring FrameworkServlet 'dispatcherServlet'
2018-04-19 17:40:56.621  INFO 10998 --- [http-nio-8585-exec-1] o.s.web.servlet.DispatcherServlet        : FrameworkServlet 'dispatcherServlet': initialization started
2018-04-19 17:40:56.661  INFO 10998 --- [http-nio-8585-exec-1] o.s.web.servlet.DispatcherServlet        : FrameworkServlet 'dispatcherServlet': initialization completed in 39 ms
2018-04-19 17:40:56.759  INFO 10998 --- [http-nio-8585-exec-1] c.m.ms.controller.read.AuthController    : Thu Apr 19 17:40:56 IST 2018 Executing [ class com.metamagic.ms.controller.read.AuthController authenticate  ] starts
2018-04-19 17:40:56.769  INFO 10998 --- [http-nio-8585-exec-1] c.m.ms.controller.read.AuthController    : User login started USERID: kedark
2018-04-19 17:40:56.773  INFO 10998 --- [http-nio-8585-exec-1] c.m.ms.controller.read.AuthController    : Thu Apr 19 17:40:56 IST 2018 Executing [ class com.metamagic.ms.repository.read.UserReadRepositoryImpl findByUserId  ] starts
2018-04-19 17:40:57.063  WARN 10998 --- [http-nio-8585-exec-1] DataNucleus.Query                        : Query for candidates of com.metamagic.ms.entity.User and subclasses resulted in no possible candidates : Persistent class "com.metamagic.ms.entity.User" has no table in the database, but the operation requires it. Please check the specification of the MetaData for this class.
2018-04-19 17:40:57.066  INFO 10998 --- [http-nio-8585-exec-1] c.m.ms.controller.read.AuthController    : Thu Apr 19 17:40:57 IST 2018 Executing [ class com.metamagic.ms.repository.read.UserReadRepositoryImpl findByUserId  ] ends
2018-04-19 17:40:57.066 ERROR 10998 --- [http-nio-8585-exec-1] c.m.ms.controller.read.AuthController    : User not found USERID: kedark
2018-04-19 17:40:57.066  INFO 10998 --- [http-nio-8585-exec-1] c.m.ms.controller.read.AuthController    : Thu Apr 19 17:40:57 IST 2018 Executing [ class com.metamagic.ms.controller.read.AuthController authenticate  ] ends
2018-04-19 17:41:04.555  INFO 10998 --- [Thread-8] ConfigServletWebServerApplicationContext : Closing org.springframework.boot.web.servlet.context.AnnotationConfigServletWebServerApplicationContext@53fd0d10: startup date [Thu Apr 19 17:37:52 IST 2018]; parent: org.springframework.context.annotation.AnnotationConfigApplicationContext@1dac5ef
2018-04-19 17:41:04.558  INFO 10998 --- [Thread-8] o.s.c.n.e.s.EurekaServiceRegistry        : Unregistering application authservice with eureka with status DOWN
2018-04-19 17:41:04.559  WARN 10998 --- [Thread-8] com.netflix.discovery.DiscoveryClient    : Saw local status change event StatusChangeEvent [timestamp=1524139864558, current=DOWN, previous=UP]
2018-04-19 17:41:04.559  INFO 10998 --- [DiscoveryClient-InstanceInfoReplicator-0] com.netflix.discovery.DiscoveryClient    : DiscoveryClient_AUTHSERVICE/192.168.2.18:authservice:8585: registering service...
2018-04-19 17:41:04.562  INFO 10998 --- [Thread-8] o.s.c.support.DefaultLifecycleProcessor  : Stopping beans in phase 2147483547
2018-04-19 17:41:04.563  INFO 10998 --- [Thread-8] o.s.c.support.DefaultLifecycleProcessor  : Stopping beans in phase 0
2018-04-19 17:41:04.567  INFO 10998 --- [DiscoveryClient-InstanceInfoReplicator-0] com.netflix.discovery.DiscoveryClient    : DiscoveryClient_AUTHSERVICE/192.168.2.18:authservice:8585 - registration status: 204
2018-04-19 17:41:04.577  INFO 10998 --- [Thread-8] o.s.j.e.a.AnnotationMBeanExporter        : Unregistering JMX-exposed beans on shutdown
2018-04-19 17:41:04.578  INFO 10998 --- [Thread-8] o.s.j.e.a.AnnotationMBeanExporter        : Unregistering JMX-exposed beans
2018-04-19 17:41:04.591  INFO 10998 --- [Thread-8] com.netflix.discovery.DiscoveryClient    : Shutting down DiscoveryClient ...
2018-04-19 17:41:07.594  INFO 10998 --- [Thread-8] com.netflix.discovery.DiscoveryClient    : Unregistering ...
2018-04-19 17:41:07.606  INFO 10998 --- [Thread-8] com.netflix.discovery.DiscoveryClient    : DiscoveryClient_AUTHSERVICE/192.168.2.18:authservice:8585 - deregister  status: 200
2018-04-19 17:41:07.643  INFO 10998 --- [Thread-8] com.netflix.discovery.DiscoveryClient    : Completed shut down of DiscoveryClient
