2018-04-21 07:36:22.824  INFO 15049 --- [AsyncResolver-bootstrap-executor-0] c.n.d.s.r.aws.ConfigClusterResolver      : Resolving eureka endpoints via configuration
2018-04-21 07:41:22.830  INFO 15049 --- [AsyncResolver-bootstrap-executor-0] c.n.d.s.r.aws.ConfigClusterResolver      : Resolving eureka endpoints via configuration
2018-04-21 07:46:22.831  INFO 15049 --- [AsyncResolver-bootstrap-executor-0] c.n.d.s.r.aws.ConfigClusterResolver      : Resolving eureka endpoints via configuration
2018-04-21 07:49:12.183  INFO 15049 --- [Thread-8] ConfigServletWebServerApplicationContext : Closing org.springframework.boot.web.servlet.context.AnnotationConfigServletWebServerApplicationContext@1252b961: startup date [Fri Apr 20 20:10:15 IST 2018]; parent: org.springframework.context.annotation.AnnotationConfigApplicationContext@593aaf41
2018-04-21 07:49:12.207  INFO 15049 --- [Thread-8] o.s.c.n.e.s.EurekaServiceRegistry        : Unregistering application productservice with eureka with status DOWN
2018-04-21 07:49:12.208  WARN 15049 --- [Thread-8] com.netflix.discovery.DiscoveryClient    : Saw local status change event StatusChangeEvent [timestamp=1524277152208, current=DOWN, previous=UP]
2018-04-21 07:49:12.208  INFO 15049 --- [DiscoveryClient-InstanceInfoReplicator-0] com.netflix.discovery.DiscoveryClient    : DiscoveryClient_PRODUCTSERVICE/192.168.2.22:productservice:8581: registering service...
2018-04-21 07:49:12.211  INFO 15049 --- [Thread-8] o.s.c.support.DefaultLifecycleProcessor  : Stopping beans in phase 0
2018-04-21 07:49:12.217  INFO 15049 --- [DiscoveryClient-InstanceInfoReplicator-0] com.netflix.discovery.DiscoveryClient    : DiscoveryClient_PRODUCTSERVICE/192.168.2.22:productservice:8581 - registration status: 204
2018-04-21 07:49:12.219  INFO 15049 --- [Thread-8] o.s.j.e.a.AnnotationMBeanExporter        : Unregistering JMX-exposed beans on shutdown
2018-04-21 07:49:12.220  INFO 15049 --- [Thread-8] o.s.j.e.a.AnnotationMBeanExporter        : Unregistering JMX-exposed beans
2018-04-21 07:49:12.224  INFO 15049 --- [Thread-8] com.netflix.discovery.DiscoveryClient    : Shutting down DiscoveryClient ...
2018-04-21 07:49:15.227  INFO 15049 --- [Thread-8] com.netflix.discovery.DiscoveryClient    : Unregistering ...
2018-04-21 07:49:15.233  INFO 15049 --- [Thread-8] com.netflix.discovery.DiscoveryClient    : DiscoveryClient_PRODUCTSERVICE/192.168.2.22:productservice:8581 - deregister  status: 200
2018-04-21 07:49:15.249  INFO 15049 --- [Thread-8] com.netflix.discovery.DiscoveryClient    : Completed shut down of DiscoveryClient
2018-04-21 07:53:46.357  INFO   --- [main] .b.t.c.SpringBootTestContextBootstrapper : Neither @ContextConfiguration nor @ContextHierarchy found for test class [com.metamagic.ms.workshop.ProductServiceApplicationTests], using SpringBootContextLoader
2018-04-21 07:53:46.369  INFO   --- [main] o.s.t.c.support.AbstractContextLoader    : Could not detect default resource locations for test class [com.metamagic.ms.workshop.ProductServiceApplicationTests]: no resource found for suffixes {-context.xml, Context.groovy}.
2018-04-21 07:53:46.371  INFO   --- [main] t.c.s.AnnotationConfigContextLoaderUtils : Could not detect default configuration classes for test class [com.metamagic.ms.workshop.ProductServiceApplicationTests]: ProductServiceApplicationTests does not declare any static, non-private, non-final, nested classes annotated with @Configuration.
2018-04-21 07:53:46.604  INFO   --- [main] .b.t.c.SpringBootTestContextBootstrapper : Found @SpringBootConfiguration com.metamagic.ms.ProductServiceApplication for test class com.metamagic.ms.workshop.ProductServiceApplicationTests
2018-04-21 07:53:46.925  INFO   --- [main] .b.t.c.SpringBootTestContextBootstrapper : Loaded default TestExecutionListener class names from location [META-INF/spring.factories]: [org.springframework.boot.test.mock.mockito.MockitoTestExecutionListener, org.springframework.boot.test.mock.mockito.ResetMocksTestExecutionListener, org.springframework.boot.test.autoconfigure.restdocs.RestDocsTestExecutionListener, org.springframework.boot.test.autoconfigure.web.client.MockRestServiceServerResetTestExecutionListener, org.springframework.boot.test.autoconfigure.web.servlet.MockMvcPrintOnlyOnFailureTestExecutionListener, org.springframework.boot.test.autoconfigure.web.servlet.WebDriverTestExecutionListener, org.springframework.test.context.web.ServletTestExecutionListener, org.springframework.test.context.support.DirtiesContextBeforeModesTestExecutionListener, org.springframework.test.context.support.DependencyInjectionTestExecutionListener, org.springframework.test.context.support.DirtiesContextTestExecutionListener, org.springframework.test.context.transaction.TransactionalTestExecutionListener, org.springframework.test.context.jdbc.SqlScriptsTestExecutionListener]
2018-04-21 07:53:47.219  INFO   --- [main] .b.t.c.SpringBootTestContextBootstrapper : Using TestExecutionListeners: [org.springframework.test.context.web.ServletTestExecutionListener@3406472c, org.springframework.test.context.support.DirtiesContextBeforeModesTestExecutionListener@5717c37, org.springframework.boot.test.mock.mockito.MockitoTestExecutionListener@68f4865, org.springframework.boot.test.autoconfigure.SpringBootDependencyInjectionTestExecutionListener@4816278d, org.springframework.test.context.support.DirtiesContextTestExecutionListener@4eaf3684, org.springframework.boot.test.mock.mockito.ResetMocksTestExecutionListener@40317ba2, org.springframework.boot.test.autoconfigure.restdocs.RestDocsTestExecutionListener@3c01cfa1, org.springframework.boot.test.autoconfigure.web.client.MockRestServiceServerResetTestExecutionListener@45d2ade3, org.springframework.boot.test.autoconfigure.web.servlet.MockMvcPrintOnlyOnFailureTestExecutionListener@727eb8cb, org.springframework.boot.test.autoconfigure.web.servlet.WebDriverTestExecutionListener@39d9314d]
2018-04-21 07:53:48.245  INFO 9195 --- [main] s.c.a.AnnotationConfigApplicationContext : Refreshing org.springframework.context.annotation.AnnotationConfigApplicationContext@56a4479a: startup date [Sat Apr 21 07:53:48 IST 2018]; root of context hierarchy
2018-04-21 07:53:49.027  INFO 9195 --- [main] f.a.AutowiredAnnotationBeanPostProcessor : JSR-330 'javax.inject.Inject' annotation found and supported for autowiring
2018-04-21 07:53:49.181  INFO 9195 --- [main] trationDelegate$BeanPostProcessorChecker : Bean 'configurationPropertiesRebinderAutoConfiguration' of type [org.springframework.cloud.autoconfigure.ConfigurationPropertiesRebinderAutoConfiguration$$EnhancerBySpringCGLIB$$44e04d43] is not eligible for getting processed by all BeanPostProcessors (for example: not eligible for auto-proxying)
2018-04-21 07:53:49.917  INFO 9195 --- [main] c.c.c.ConfigServicePropertySourceLocator : Fetching config from server at: http://localhost:6061
2018-04-21 07:53:50.357  INFO 9195 --- [main] c.c.c.ConfigServicePropertySourceLocator : Located environment: name=productservice, profiles=[default], label=null, version=null, state=null
2018-04-21 07:53:50.359  INFO 9195 --- [main] b.c.PropertySourceBootstrapConfiguration : Located property source: CompositePropertySource {name='configService', propertySources=[MapPropertySource {name='file:/home/sagar/git/microservice_workshop/config-files/productservice.yml'}]}
2018-04-21 07:53:50.526  INFO 9195 --- [main] c.m.m.w.ProductServiceApplicationTests   : No active profile set, falling back to default profiles: default
2018-04-21 07:53:50.539  INFO 9195 --- [main] o.s.w.c.s.GenericWebApplicationContext   : Refreshing org.springframework.web.context.support.GenericWebApplicationContext@5215cd9a: startup date [Sat Apr 21 07:53:50 IST 2018]; parent: org.springframework.context.annotation.AnnotationConfigApplicationContext@56a4479a
2018-04-21 07:53:52.076  INFO 9195 --- [main] o.s.b.f.s.DefaultListableBeanFactory     : Overriding bean definition for bean 'environmentWebEndpointExtension' with a different definition: replacing [Root bean: class [null]; scope=; abstract=false; lazyInit=false; autowireMode=3; dependencyCheck=0; autowireCandidate=true; primary=false; factoryBeanName=org.springframework.boot.actuate.autoconfigure.env.EnvironmentEndpointAutoConfiguration; factoryMethodName=environmentWebEndpointExtension; initMethodName=null; destroyMethodName=(inferred); defined in class path resource [org/springframework/boot/actuate/autoconfigure/env/EnvironmentEndpointAutoConfiguration.class]] with [Root bean: class [null]; scope=; abstract=false; lazyInit=false; autowireMode=3; dependencyCheck=0; autowireCandidate=true; primary=false; factoryBeanName=org.springframework.cloud.autoconfigure.LifecycleMvcEndpointAutoConfiguration$EndpointConfiguration; factoryMethodName=environmentWebEndpointExtension; initMethodName=null; destroyMethodName=(inferred); defined in class path resource [org/springframework/cloud/autoconfigure/LifecycleMvcEndpointAutoConfiguration$EndpointConfiguration.class]]
2018-04-21 07:53:52.809  INFO 9195 --- [main] o.s.cloud.context.scope.GenericScope     : BeanFactory id=f654780b-dfdb-37d7-b909-ed74fddb0ec5
2018-04-21 07:53:52.977  INFO 9195 --- [main] f.a.AutowiredAnnotationBeanPostProcessor : JSR-330 'javax.inject.Inject' annotation found and supported for autowiring
2018-04-21 07:53:53.524  INFO 9195 --- [main] trationDelegate$BeanPostProcessorChecker : Bean 'org.springframework.cloud.autoconfigure.ConfigurationPropertiesRebinderAutoConfiguration' of type [org.springframework.cloud.autoconfigure.ConfigurationPropertiesRebinderAutoConfiguration$$EnhancerBySpringCGLIB$$44e04d43] is not eligible for getting processed by all BeanPostProcessors (for example: not eligible for auto-proxying)
2018-04-21 07:53:56.470  WARN 9195 --- [main] c.n.c.sources.URLConfigurationSource     : No URLs will be polled as dynamic configuration sources.
2018-04-21 07:53:56.471  INFO 9195 --- [main] c.n.c.sources.URLConfigurationSource     : To enable URLs as dynamic configuration sources, define System property archaius.configurationSource.additionalUrls or make config.properties available on classpath.
2018-04-21 07:53:56.481  WARN 9195 --- [main] c.n.c.sources.URLConfigurationSource     : No URLs will be polled as dynamic configuration sources.
2018-04-21 07:53:56.482  INFO 9195 --- [main] c.n.c.sources.URLConfigurationSource     : To enable URLs as dynamic configuration sources, define System property archaius.configurationSource.additionalUrls or make config.properties available on classpath.
2018-04-21 07:53:57.366  INFO 9195 --- [main] s.w.s.m.m.a.RequestMappingHandlerAdapter : Looking for @ControllerAdvice: org.springframework.web.context.support.GenericWebApplicationContext@5215cd9a: startup date [Sat Apr 21 07:53:50 IST 2018]; parent: org.springframework.context.annotation.AnnotationConfigApplicationContext@56a4479a
2018-04-21 07:53:57.544  INFO 9195 --- [main] s.w.s.m.m.a.RequestMappingHandlerMapping : Mapped "{[/product/query/findall],methods=[GET],produces=[application/json]}" onto public org.springframework.http.ResponseEntity<com.metamagic.ms.bean.ResponseBean> com.metamagic.ms.controller.read.ProductQueryController.findAll()
2018-04-21 07:53:57.557  INFO 9195 --- [main] s.w.s.m.m.a.RequestMappingHandlerMapping : Mapped "{[/product/write/save],methods=[POST],produces=[application/json]}" onto public org.springframework.http.ResponseEntity<com.metamagic.ms.bean.ResponseBean> com.metamagic.ms.controller.write.ProductWriteController.save(com.metamagic.ms.entity.Product)
2018-04-21 07:53:57.564  INFO 9195 --- [main] s.w.s.m.m.a.RequestMappingHandlerMapping : Mapped "{[/error],produces=[text/html]}" onto public org.springframework.web.servlet.ModelAndView org.springframework.boot.autoconfigure.web.servlet.error.BasicErrorController.errorHtml(javax.servlet.http.HttpServletRequest,javax.servlet.http.HttpServletResponse)
2018-04-21 07:53:57.565  INFO 9195 --- [main] s.w.s.m.m.a.RequestMappingHandlerMapping : Mapped "{[/error]}" onto public org.springframework.http.ResponseEntity<java.util.Map<java.lang.String, java.lang.Object>> org.springframework.boot.autoconfigure.web.servlet.error.BasicErrorController.error(javax.servlet.http.HttpServletRequest)
2018-04-21 07:53:57.714  INFO 9195 --- [main] o.s.w.s.handler.SimpleUrlHandlerMapping  : Mapped URL path [/webjars/**] onto handler of type [class org.springframework.web.servlet.resource.ResourceHttpRequestHandler]
2018-04-21 07:53:57.715  INFO 9195 --- [main] o.s.w.s.handler.SimpleUrlHandlerMapping  : Mapped URL path [/**] onto handler of type [class org.springframework.web.servlet.resource.ResourceHttpRequestHandler]
2018-04-21 07:53:57.863  INFO 9195 --- [main] o.s.w.s.handler.SimpleUrlHandlerMapping  : Mapped URL path [/**/favicon.ico] onto handler of type [class org.springframework.web.servlet.resource.ResourceHttpRequestHandler]
2018-04-21 07:54:00.829  INFO 9195 --- [main] o.s.ui.freemarker.SpringTemplateLoader   : SpringTemplateLoader for FreeMarker: using resource loader [org.springframework.web.context.support.GenericWebApplicationContext@5215cd9a: startup date [Sat Apr 21 07:53:50 IST 2018]; parent: org.springframework.context.annotation.AnnotationConfigApplicationContext@56a4479a] and template loader path [classpath:/templates/]
2018-04-21 07:54:00.835  INFO 9195 --- [main] o.s.w.s.v.f.FreeMarkerConfigurer         : ClassTemplateLoader for Spring macros added to FreeMarker configuration
2018-04-21 07:54:01.370  INFO 9195 --- [main] s.b.a.e.w.s.WebMvcEndpointHandlerMapping : Mapped "{[/actuator/health],methods=[GET],produces=[application/vnd.spring-boot.actuator.v2+json || application/json]}" onto public java.lang.Object org.springframework.boot.actuate.endpoint.web.servlet.AbstractWebMvcEndpointHandlerMapping$OperationHandler.handle(javax.servlet.http.HttpServletRequest,java.util.Map<java.lang.String, java.lang.String>)
2018-04-21 07:54:01.372  INFO 9195 --- [main] s.b.a.e.w.s.WebMvcEndpointHandlerMapping : Mapped "{[/actuator/info],methods=[GET],produces=[application/vnd.spring-boot.actuator.v2+json || application/json]}" onto public java.lang.Object org.springframework.boot.actuate.endpoint.web.servlet.AbstractWebMvcEndpointHandlerMapping$OperationHandler.handle(javax.servlet.http.HttpServletRequest,java.util.Map<java.lang.String, java.lang.String>)
2018-04-21 07:54:01.373  INFO 9195 --- [main] s.b.a.e.w.s.WebMvcEndpointHandlerMapping : Mapped "{[/actuator],methods=[GET],produces=[application/vnd.spring-boot.actuator.v2+json || application/json]}" onto protected java.util.Map<java.lang.String, java.util.Map<java.lang.String, org.springframework.boot.actuate.endpoint.web.Link>> org.springframework.boot.actuate.endpoint.web.servlet.WebMvcEndpointHandlerMapping.links(javax.servlet.http.HttpServletRequest,javax.servlet.http.HttpServletResponse)
2018-04-21 07:54:01.700  INFO 9195 --- [main] o.s.c.support.DefaultLifecycleProcessor  : Starting beans in phase 0
2018-04-21 07:54:01.729  INFO 9195 --- [main] o.s.c.n.eureka.InstanceInfoFactory       : Setting initial instance status as: STARTING
2018-04-21 07:54:01.877  INFO 9195 --- [main] com.netflix.discovery.DiscoveryClient    : Initializing Eureka in region us-east-1
2018-04-21 07:54:02.396  INFO 9195 --- [main] c.n.d.provider.DiscoveryJerseyProvider   : Using JSON encoding codec LegacyJacksonJson
2018-04-21 07:54:02.396  INFO 9195 --- [main] c.n.d.provider.DiscoveryJerseyProvider   : Using JSON decoding codec LegacyJacksonJson
2018-04-21 07:54:03.284  INFO 9195 --- [main] c.n.d.provider.DiscoveryJerseyProvider   : Using XML encoding codec XStreamXml
2018-04-21 07:54:03.290  INFO 9195 --- [main] c.n.d.provider.DiscoveryJerseyProvider   : Using XML decoding codec XStreamXml
2018-04-21 07:54:03.789  INFO 9195 --- [main] c.n.d.s.r.aws.ConfigClusterResolver      : Resolving eureka endpoints via configuration
2018-04-21 07:54:03.835  INFO 9195 --- [main] com.netflix.discovery.DiscoveryClient    : Disable delta property : false
2018-04-21 07:54:03.835  INFO 9195 --- [main] com.netflix.discovery.DiscoveryClient    : Single vip registry refresh property : null
2018-04-21 07:54:03.836  INFO 9195 --- [main] com.netflix.discovery.DiscoveryClient    : Force full registry fetch : false
2018-04-21 07:54:03.836  INFO 9195 --- [main] com.netflix.discovery.DiscoveryClient    : Application is null : false
2018-04-21 07:54:03.837  INFO 9195 --- [main] com.netflix.discovery.DiscoveryClient    : Registered Applications size is zero : true
2018-04-21 07:54:03.838  INFO 9195 --- [main] com.netflix.discovery.DiscoveryClient    : Application version is -1: true
2018-04-21 07:54:03.838  INFO 9195 --- [main] com.netflix.discovery.DiscoveryClient    : Getting all instance registry info from the eureka server
2018-04-21 07:54:04.175  INFO 9195 --- [main] com.netflix.discovery.DiscoveryClient    : The response status is 200
2018-04-21 07:54:04.200  INFO 9195 --- [main] com.netflix.discovery.DiscoveryClient    : Starting heartbeat executor: renew interval is: 5
2018-04-21 07:54:04.215  INFO 9195 --- [main] c.n.discovery.InstanceInfoReplicator     : InstanceInfoReplicator onDemand update allowed rate per min is 4
2018-04-21 07:54:04.226  INFO 9195 --- [main] com.netflix.discovery.DiscoveryClient    : Discovery Client initialized at timestamp 1524277444222 with initial instances count: 1
2018-04-21 07:54:04.257  INFO 9195 --- [main] o.s.c.n.e.s.EurekaServiceRegistry        : Registering application productservice with eureka with status UP
2018-04-21 07:54:04.261  INFO 9195 --- [main] com.netflix.discovery.DiscoveryClient    : Saw local status change event StatusChangeEvent [timestamp=1524277444261, current=UP, previous=STARTING]
2018-04-21 07:54:04.273  INFO 9195 --- [DiscoveryClient-InstanceInfoReplicator-0] com.netflix.discovery.DiscoveryClient    : DiscoveryClient_PRODUCTSERVICE/172.20.10.2:productservice:8581: registering service...
2018-04-21 07:54:04.363  INFO 9195 --- [main] c.m.m.w.ProductServiceApplicationTests   : Started ProductServiceApplicationTests in 17.056 seconds (JVM running for 19.117)
2018-04-21 07:54:04.451  INFO 9195 --- [DiscoveryClient-InstanceInfoReplicator-0] com.netflix.discovery.DiscoveryClient    : DiscoveryClient_PRODUCTSERVICE/172.20.10.2:productservice:8581 - registration status: 204
2018-04-21 07:54:04.748  INFO 9195 --- [Thread-7] o.s.w.c.s.GenericWebApplicationContext   : Closing org.springframework.web.context.support.GenericWebApplicationContext@5215cd9a: startup date [Sat Apr 21 07:53:50 IST 2018]; parent: org.springframework.context.annotation.AnnotationConfigApplicationContext@56a4479a
2018-04-21 07:54:04.749  INFO 9195 --- [Thread-7] o.s.c.n.e.s.EurekaServiceRegistry        : Unregistering application productservice with eureka with status DOWN
2018-04-21 07:54:04.749  WARN 9195 --- [Thread-7] com.netflix.discovery.DiscoveryClient    : Saw local status change event StatusChangeEvent [timestamp=1524277444749, current=DOWN, previous=UP]
2018-04-21 07:54:04.749  INFO 9195 --- [DiscoveryClient-InstanceInfoReplicator-0] com.netflix.discovery.DiscoveryClient    : DiscoveryClient_PRODUCTSERVICE/172.20.10.2:productservice:8581: registering service...
2018-04-21 07:54:04.761  INFO 9195 --- [DiscoveryClient-InstanceInfoReplicator-0] com.netflix.discovery.DiscoveryClient    : DiscoveryClient_PRODUCTSERVICE/172.20.10.2:productservice:8581 - registration status: 204
2018-04-21 07:54:04.778  INFO 9195 --- [Thread-7] o.s.c.support.DefaultLifecycleProcessor  : Stopping beans in phase 0
2018-04-21 07:54:04.789  INFO 9195 --- [Thread-7] com.netflix.discovery.DiscoveryClient    : Shutting down DiscoveryClient ...
2018-04-21 07:54:07.792  INFO 9195 --- [Thread-7] com.netflix.discovery.DiscoveryClient    : Unregistering ...
2018-04-21 07:54:07.815  INFO 9195 --- [Thread-7] com.netflix.discovery.DiscoveryClient    : DiscoveryClient_PRODUCTSERVICE/172.20.10.2:productservice:8581 - deregister  status: 200
2018-04-21 07:54:07.843  INFO 9195 --- [Thread-7] com.netflix.discovery.DiscoveryClient    : Completed shut down of DiscoveryClient
2018-04-21 07:55:22.832  INFO 13323 --- [main] s.c.a.AnnotationConfigApplicationContext : Refreshing org.springframework.context.annotation.AnnotationConfigApplicationContext@1de76cc7: startup date [Sat Apr 21 07:55:22 IST 2018]; root of context hierarchy
2018-04-21 07:55:23.758  INFO 13323 --- [main] f.a.AutowiredAnnotationBeanPostProcessor : JSR-330 'javax.inject.Inject' annotation found and supported for autowiring
2018-04-21 07:55:23.908  INFO 13323 --- [main] trationDelegate$BeanPostProcessorChecker : Bean 'configurationPropertiesRebinderAutoConfiguration' of type [org.springframework.cloud.autoconfigure.ConfigurationPropertiesRebinderAutoConfiguration$$EnhancerBySpringCGLIB$$fe73619c] is not eligible for getting processed by all BeanPostProcessors (for example: not eligible for auto-proxying)
2018-04-21 07:55:24.656  INFO 13323 --- [main] c.c.c.ConfigServicePropertySourceLocator : Fetching config from server at: http://localhost:6061
2018-04-21 07:55:25.114  INFO 13323 --- [main] c.c.c.ConfigServicePropertySourceLocator : Located environment: name=productservice, profiles=[default], label=null, version=null, state=null
2018-04-21 07:55:25.120  INFO 13323 --- [main] b.c.PropertySourceBootstrapConfiguration : Located property source: CompositePropertySource {name='configService', propertySources=[MapPropertySource {name='file:/home/sagar/git/microservice_workshop/config-files/productservice.yml'}]}
2018-04-21 07:55:25.359  INFO 13323 --- [main] c.m.ms.ProductServiceApplication         : No active profile set, falling back to default profiles: default
2018-04-21 07:55:25.423  INFO 13323 --- [main] ConfigServletWebServerApplicationContext : Refreshing org.springframework.boot.web.servlet.context.AnnotationConfigServletWebServerApplicationContext@458342d3: startup date [Sat Apr 21 07:55:25 IST 2018]; parent: org.springframework.context.annotation.AnnotationConfigApplicationContext@1de76cc7
2018-04-21 07:55:27.249  INFO 13323 --- [main] o.s.b.f.s.DefaultListableBeanFactory     : Overriding bean definition for bean 'environmentWebEndpointExtension' with a different definition: replacing [Root bean: class [null]; scope=; abstract=false; lazyInit=false; autowireMode=3; dependencyCheck=0; autowireCandidate=true; primary=false; factoryBeanName=org.springframework.boot.actuate.autoconfigure.env.EnvironmentEndpointAutoConfiguration; factoryMethodName=environmentWebEndpointExtension; initMethodName=null; destroyMethodName=(inferred); defined in class path resource [org/springframework/boot/actuate/autoconfigure/env/EnvironmentEndpointAutoConfiguration.class]] with [Root bean: class [null]; scope=; abstract=false; lazyInit=false; autowireMode=3; dependencyCheck=0; autowireCandidate=true; primary=false; factoryBeanName=org.springframework.cloud.autoconfigure.LifecycleMvcEndpointAutoConfiguration$EndpointConfiguration; factoryMethodName=environmentWebEndpointExtension; initMethodName=null; destroyMethodName=(inferred); defined in class path resource [org/springframework/cloud/autoconfigure/LifecycleMvcEndpointAutoConfiguration$EndpointConfiguration.class]]
2018-04-21 07:55:28.287  INFO 13323 --- [main] o.s.cloud.context.scope.GenericScope     : BeanFactory id=1c397c4b-2d07-355f-a24d-d86442801e24
2018-04-21 07:55:28.308  INFO 13323 --- [main] f.a.AutowiredAnnotationBeanPostProcessor : JSR-330 'javax.inject.Inject' annotation found and supported for autowiring
2018-04-21 07:55:28.622  INFO 13323 --- [main] trationDelegate$BeanPostProcessorChecker : Bean 'org.springframework.cloud.autoconfigure.ConfigurationPropertiesRebinderAutoConfiguration' of type [org.springframework.cloud.autoconfigure.ConfigurationPropertiesRebinderAutoConfiguration$$EnhancerBySpringCGLIB$$fe73619c] is not eligible for getting processed by all BeanPostProcessors (for example: not eligible for auto-proxying)
2018-04-21 07:55:29.194  INFO 13323 --- [main] o.s.b.w.embedded.tomcat.TomcatWebServer  : Tomcat initialized with port(s): 8581 (http)
2018-04-21 07:55:29.229  INFO 13323 --- [main] o.apache.catalina.core.StandardService   : Starting service [Tomcat]
2018-04-21 07:55:29.230  INFO 13323 --- [main] org.apache.catalina.core.StandardEngine  : Starting Servlet Engine: Apache Tomcat/8.5.28
2018-04-21 07:55:29.241  INFO 13323 --- [localhost-startStop-1] o.a.catalina.core.AprLifecycleListener   : The APR based Apache Tomcat Native library which allows optimal performance in production environments was not found on the java.library.path: [/usr/java/packages/lib/amd64:/usr/lib/x86_64-linux-gnu/jni:/lib/x86_64-linux-gnu:/usr/lib/x86_64-linux-gnu:/usr/lib/jni:/lib:/usr/lib]
2018-04-21 07:55:29.375  INFO 13323 --- [localhost-startStop-1] o.a.c.c.C.[Tomcat].[localhost].[/]       : Initializing Spring embedded WebApplicationContext
2018-04-21 07:55:29.376  INFO 13323 --- [localhost-startStop-1] o.s.web.context.ContextLoader            : Root WebApplicationContext: initialization completed in 3954 ms
2018-04-21 07:55:32.437  INFO 13323 --- [localhost-startStop-1] o.s.b.w.servlet.ServletRegistrationBean  : Servlet dispatcherServlet mapped to [/]
2018-04-21 07:55:32.445  INFO 13323 --- [localhost-startStop-1] o.s.b.w.servlet.FilterRegistrationBean   : Mapping filter: 'characterEncodingFilter' to: [/*]
2018-04-21 07:55:32.455  INFO 13323 --- [localhost-startStop-1] o.s.b.w.servlet.FilterRegistrationBean   : Mapping filter: 'hiddenHttpMethodFilter' to: [/*]
2018-04-21 07:55:32.456  INFO 13323 --- [localhost-startStop-1] o.s.b.w.servlet.FilterRegistrationBean   : Mapping filter: 'httpPutFormContentFilter' to: [/*]
2018-04-21 07:55:32.457  INFO 13323 --- [localhost-startStop-1] o.s.b.w.servlet.FilterRegistrationBean   : Mapping filter: 'requestContextFilter' to: [/*]
2018-04-21 07:55:32.457  INFO 13323 --- [localhost-startStop-1] o.s.b.w.servlet.FilterRegistrationBean   : Mapping filter: 'httpTraceFilter' to: [/*]
2018-04-21 07:55:32.457  INFO 13323 --- [localhost-startStop-1] o.s.b.w.servlet.FilterRegistrationBean   : Mapping filter: 'webMvcMetricsFilter' to: [/*]
2018-04-21 07:55:34.556  WARN 13323 --- [main] c.n.c.sources.URLConfigurationSource     : No URLs will be polled as dynamic configuration sources.
2018-04-21 07:55:34.556  INFO 13323 --- [main] c.n.c.sources.URLConfigurationSource     : To enable URLs as dynamic configuration sources, define System property archaius.configurationSource.additionalUrls or make config.properties available on classpath.
2018-04-21 07:55:34.570  WARN 13323 --- [main] c.n.c.sources.URLConfigurationSource     : No URLs will be polled as dynamic configuration sources.
2018-04-21 07:55:34.573  INFO 13323 --- [main] c.n.c.sources.URLConfigurationSource     : To enable URLs as dynamic configuration sources, define System property archaius.configurationSource.additionalUrls or make config.properties available on classpath.
2018-04-21 07:55:35.575  INFO 13323 --- [main] s.w.s.m.m.a.RequestMappingHandlerAdapter : Looking for @ControllerAdvice: org.springframework.boot.web.servlet.context.AnnotationConfigServletWebServerApplicationContext@458342d3: startup date [Sat Apr 21 07:55:25 IST 2018]; parent: org.springframework.context.annotation.AnnotationConfigApplicationContext@1de76cc7
2018-04-21 07:55:35.836  INFO 13323 --- [main] s.w.s.m.m.a.RequestMappingHandlerMapping : Mapped "{[/product/query/findall],methods=[GET],produces=[application/json]}" onto public org.springframework.http.ResponseEntity<com.metamagic.ms.bean.ResponseBean> com.metamagic.ms.controller.read.ProductQueryController.findAll()
2018-04-21 07:55:35.842  INFO 13323 --- [main] s.w.s.m.m.a.RequestMappingHandlerMapping : Mapped "{[/product/write/save],methods=[POST],produces=[application/json]}" onto public org.springframework.http.ResponseEntity<com.metamagic.ms.bean.ResponseBean> com.metamagic.ms.controller.write.ProductWriteController.save(com.metamagic.ms.entity.Product)
2018-04-21 07:55:35.881  INFO 13323 --- [main] s.w.s.m.m.a.RequestMappingHandlerMapping : Mapped "{[/error],produces=[text/html]}" onto public org.springframework.web.servlet.ModelAndView org.springframework.boot.autoconfigure.web.servlet.error.BasicErrorController.errorHtml(javax.servlet.http.HttpServletRequest,javax.servlet.http.HttpServletResponse)
2018-04-21 07:55:35.881  INFO 13323 --- [main] s.w.s.m.m.a.RequestMappingHandlerMapping : Mapped "{[/error]}" onto public org.springframework.http.ResponseEntity<java.util.Map<java.lang.String, java.lang.Object>> org.springframework.boot.autoconfigure.web.servlet.error.BasicErrorController.error(javax.servlet.http.HttpServletRequest)
2018-04-21 07:55:36.062  INFO 13323 --- [main] o.s.w.s.handler.SimpleUrlHandlerMapping  : Mapped URL path [/webjars/**] onto handler of type [class org.springframework.web.servlet.resource.ResourceHttpRequestHandler]
2018-04-21 07:55:36.062  INFO 13323 --- [main] o.s.w.s.handler.SimpleUrlHandlerMapping  : Mapped URL path [/**] onto handler of type [class org.springframework.web.servlet.resource.ResourceHttpRequestHandler]
2018-04-21 07:55:36.178  INFO 13323 --- [main] o.s.w.s.handler.SimpleUrlHandlerMapping  : Mapped URL path [/**/favicon.ico] onto handler of type [class org.springframework.web.servlet.resource.ResourceHttpRequestHandler]
2018-04-21 07:55:37.479  INFO 13323 --- [main] o.s.ui.freemarker.SpringTemplateLoader   : SpringTemplateLoader for FreeMarker: using resource loader [org.springframework.boot.web.servlet.context.AnnotationConfigServletWebServerApplicationContext@458342d3: startup date [Sat Apr 21 07:55:25 IST 2018]; parent: org.springframework.context.annotation.AnnotationConfigApplicationContext@1de76cc7] and template loader path [classpath:/templates/]
2018-04-21 07:55:37.480  INFO 13323 --- [main] o.s.w.s.v.f.FreeMarkerConfigurer         : ClassTemplateLoader for Spring macros added to FreeMarker configuration
2018-04-21 07:55:38.206  INFO 13323 --- [main] s.b.a.e.w.s.WebMvcEndpointHandlerMapping : Mapped "{[/actuator/health],methods=[GET],produces=[application/vnd.spring-boot.actuator.v2+json || application/json]}" onto public java.lang.Object org.springframework.boot.actuate.endpoint.web.servlet.AbstractWebMvcEndpointHandlerMapping$OperationHandler.handle(javax.servlet.http.HttpServletRequest,java.util.Map<java.lang.String, java.lang.String>)
2018-04-21 07:55:38.207  INFO 13323 --- [main] s.b.a.e.w.s.WebMvcEndpointHandlerMapping : Mapped "{[/actuator/info],methods=[GET],produces=[application/vnd.spring-boot.actuator.v2+json || application/json]}" onto public java.lang.Object org.springframework.boot.actuate.endpoint.web.servlet.AbstractWebMvcEndpointHandlerMapping$OperationHandler.handle(javax.servlet.http.HttpServletRequest,java.util.Map<java.lang.String, java.lang.String>)
2018-04-21 07:55:38.208  INFO 13323 --- [main] s.b.a.e.w.s.WebMvcEndpointHandlerMapping : Mapped "{[/actuator],methods=[GET],produces=[application/vnd.spring-boot.actuator.v2+json || application/json]}" onto protected java.util.Map<java.lang.String, java.util.Map<java.lang.String, org.springframework.boot.actuate.endpoint.web.Link>> org.springframework.boot.actuate.endpoint.web.servlet.WebMvcEndpointHandlerMapping.links(javax.servlet.http.HttpServletRequest,javax.servlet.http.HttpServletResponse)
2018-04-21 07:55:38.436  INFO 13323 --- [main] o.s.j.e.a.AnnotationMBeanExporter        : Registering beans for JMX exposure on startup
2018-04-21 07:55:38.464  INFO 13323 --- [main] o.s.j.e.a.AnnotationMBeanExporter        : Bean with name 'configurationPropertiesRebinder' has been autodetected for JMX exposure
2018-04-21 07:55:38.465  INFO 13323 --- [main] o.s.j.e.a.AnnotationMBeanExporter        : Bean with name 'environmentManager' has been autodetected for JMX exposure
2018-04-21 07:55:38.466  INFO 13323 --- [main] o.s.j.e.a.AnnotationMBeanExporter        : Bean with name 'refreshScope' has been autodetected for JMX exposure
2018-04-21 07:55:38.470  INFO 13323 --- [main] o.s.j.e.a.AnnotationMBeanExporter        : Located managed bean 'environmentManager': registering with JMX server as MBean [org.springframework.cloud.context.environment:name=environmentManager,type=EnvironmentManager]
2018-04-21 07:55:38.489  INFO 13323 --- [main] o.s.j.e.a.AnnotationMBeanExporter        : Located managed bean 'refreshScope': registering with JMX server as MBean [org.springframework.cloud.context.scope.refresh:name=refreshScope,type=RefreshScope]
2018-04-21 07:55:38.506  INFO 13323 --- [main] o.s.j.e.a.AnnotationMBeanExporter        : Located managed bean 'configurationPropertiesRebinder': registering with JMX server as MBean [org.springframework.cloud.context.properties:name=configurationPropertiesRebinder,context=458342d3,type=ConfigurationPropertiesRebinder]
2018-04-21 07:55:38.537  INFO 13323 --- [main] o.s.c.support.DefaultLifecycleProcessor  : Starting beans in phase 0
2018-04-21 07:55:38.550  INFO 13323 --- [main] o.s.c.n.eureka.InstanceInfoFactory       : Setting initial instance status as: STARTING
2018-04-21 07:55:38.661  INFO 13323 --- [main] com.netflix.discovery.DiscoveryClient    : Initializing Eureka in region us-east-1
2018-04-21 07:55:39.708  INFO 13323 --- [main] c.n.d.provider.DiscoveryJerseyProvider   : Using JSON encoding codec LegacyJacksonJson
2018-04-21 07:55:39.710  INFO 13323 --- [main] c.n.d.provider.DiscoveryJerseyProvider   : Using JSON decoding codec LegacyJacksonJson
2018-04-21 07:55:40.131  INFO 13323 --- [main] c.n.d.provider.DiscoveryJerseyProvider   : Using XML encoding codec XStreamXml
2018-04-21 07:55:40.138  INFO 13323 --- [main] c.n.d.provider.DiscoveryJerseyProvider   : Using XML decoding codec XStreamXml
2018-04-21 07:55:40.684  INFO 13323 --- [main] c.n.d.s.r.aws.ConfigClusterResolver      : Resolving eureka endpoints via configuration
2018-04-21 07:55:40.753  INFO 13323 --- [main] com.netflix.discovery.DiscoveryClient    : Disable delta property : false
2018-04-21 07:55:40.761  INFO 13323 --- [main] com.netflix.discovery.DiscoveryClient    : Single vip registry refresh property : null
2018-04-21 07:55:40.762  INFO 13323 --- [main] com.netflix.discovery.DiscoveryClient    : Force full registry fetch : false
2018-04-21 07:55:40.763  INFO 13323 --- [main] com.netflix.discovery.DiscoveryClient    : Application is null : false
2018-04-21 07:55:40.764  INFO 13323 --- [main] com.netflix.discovery.DiscoveryClient    : Registered Applications size is zero : true
2018-04-21 07:55:40.766  INFO 13323 --- [main] com.netflix.discovery.DiscoveryClient    : Application version is -1: true
2018-04-21 07:55:40.767  INFO 13323 --- [main] com.netflix.discovery.DiscoveryClient    : Getting all instance registry info from the eureka server
2018-04-21 07:55:41.040  INFO 13323 --- [main] com.netflix.discovery.DiscoveryClient    : The response status is 200
2018-04-21 07:55:41.059  INFO 13323 --- [main] com.netflix.discovery.DiscoveryClient    : Starting heartbeat executor: renew interval is: 5
2018-04-21 07:55:41.071  INFO 13323 --- [main] c.n.discovery.InstanceInfoReplicator     : InstanceInfoReplicator onDemand update allowed rate per min is 4
2018-04-21 07:55:41.083  INFO 13323 --- [main] com.netflix.discovery.DiscoveryClient    : Discovery Client initialized at timestamp 1524277541082 with initial instances count: 6
2018-04-21 07:55:41.109  INFO 13323 --- [main] o.s.c.n.e.s.EurekaServiceRegistry        : Registering application productservice with eureka with status UP
2018-04-21 07:55:41.110  INFO 13323 --- [main] com.netflix.discovery.DiscoveryClient    : Saw local status change event StatusChangeEvent [timestamp=1524277541110, current=UP, previous=STARTING]
2018-04-21 07:55:41.123  INFO 13323 --- [DiscoveryClient-InstanceInfoReplicator-0] com.netflix.discovery.DiscoveryClient    : DiscoveryClient_PRODUCTSERVICE/172.20.10.2:productservice:8581: registering service...
2018-04-21 07:55:41.246  INFO 13323 --- [DiscoveryClient-InstanceInfoReplicator-0] com.netflix.discovery.DiscoveryClient    : DiscoveryClient_PRODUCTSERVICE/172.20.10.2:productservice:8581 - registration status: 204
2018-04-21 07:55:41.379  INFO 13323 --- [main] o.s.b.w.embedded.tomcat.TomcatWebServer  : Tomcat started on port(s): 8581 (http) with context path ''
2018-04-21 07:55:41.381  INFO 13323 --- [main] .s.c.n.e.s.EurekaAutoServiceRegistration : Updating port to 8581
2018-04-21 07:55:41.384  INFO 13323 --- [main] c.m.ms.ProductServiceApplication         : Started ProductServiceApplication in 20.678 seconds (JVM running for 21.956)
2018-04-21 08:00:40.772  INFO 13323 --- [AsyncResolver-bootstrap-executor-0] c.n.d.s.r.aws.ConfigClusterResolver      : Resolving eureka endpoints via configuration
2018-04-21 08:01:44.391  INFO 13323 --- [Thread-8] ConfigServletWebServerApplicationContext : Closing org.springframework.boot.web.servlet.context.AnnotationConfigServletWebServerApplicationContext@458342d3: startup date [Sat Apr 21 07:55:25 IST 2018]; parent: org.springframework.context.annotation.AnnotationConfigApplicationContext@1de76cc7
2018-04-21 08:01:44.406  INFO 13323 --- [Thread-8] o.s.c.n.e.s.EurekaServiceRegistry        : Unregistering application productservice with eureka with status DOWN
2018-04-21 08:01:44.412  WARN 13323 --- [Thread-8] com.netflix.discovery.DiscoveryClient    : Saw local status change event StatusChangeEvent [timestamp=1524277904411, current=DOWN, previous=UP]
2018-04-21 08:01:44.417  INFO 13323 --- [DiscoveryClient-InstanceInfoReplicator-0] com.netflix.discovery.DiscoveryClient    : DiscoveryClient_PRODUCTSERVICE/172.20.10.2:productservice:8581: registering service...
2018-04-21 08:01:44.436  INFO 13323 --- [Thread-8] o.s.c.support.DefaultLifecycleProcessor  : Stopping beans in phase 0
2018-04-21 08:01:44.441  INFO 13323 --- [DiscoveryClient-InstanceInfoReplicator-0] com.netflix.discovery.DiscoveryClient    : DiscoveryClient_PRODUCTSERVICE/172.20.10.2:productservice:8581 - registration status: 204
2018-04-21 08:01:44.453  INFO 13323 --- [Thread-8] o.s.j.e.a.AnnotationMBeanExporter        : Unregistering JMX-exposed beans on shutdown
2018-04-21 08:01:44.455  INFO 13323 --- [Thread-8] o.s.j.e.a.AnnotationMBeanExporter        : Unregistering JMX-exposed beans
2018-04-21 08:01:44.470  INFO 13323 --- [Thread-8] com.netflix.discovery.DiscoveryClient    : Shutting down DiscoveryClient ...
2018-04-21 08:01:47.472  INFO 13323 --- [Thread-8] com.netflix.discovery.DiscoveryClient    : Unregistering ...
2018-04-21 08:01:47.485  INFO 13323 --- [Thread-8] com.netflix.discovery.DiscoveryClient    : DiscoveryClient_PRODUCTSERVICE/172.20.10.2:productservice:8581 - deregister  status: 200
2018-04-21 08:01:47.518  INFO 13323 --- [Thread-8] com.netflix.discovery.DiscoveryClient    : Completed shut down of DiscoveryClient
2018-04-21 08:02:45.258  INFO 22205 --- [main] s.c.a.AnnotationConfigApplicationContext : Refreshing org.springframework.context.annotation.AnnotationConfigApplicationContext@957e06: startup date [Sat Apr 21 08:02:45 IST 2018]; root of context hierarchy
2018-04-21 08:02:45.762  INFO 22205 --- [main] f.a.AutowiredAnnotationBeanPostProcessor : JSR-330 'javax.inject.Inject' annotation found and supported for autowiring
2018-04-21 08:02:45.816  INFO 22205 --- [main] trationDelegate$BeanPostProcessorChecker : Bean 'configurationPropertiesRebinderAutoConfiguration' of type [org.springframework.cloud.autoconfigure.ConfigurationPropertiesRebinderAutoConfiguration$$EnhancerBySpringCGLIB$$16ad62cb] is not eligible for getting processed by all BeanPostProcessors (for example: not eligible for auto-proxying)
2018-04-21 08:02:46.039  INFO 22205 --- [main] c.c.c.ConfigServicePropertySourceLocator : Fetching config from server at: http://localhost:6061
2018-04-21 08:02:46.241  INFO 22205 --- [main] c.c.c.ConfigServicePropertySourceLocator : Located environment: name=productservice, profiles=[default], label=null, version=null, state=null
2018-04-21 08:02:46.241  INFO 22205 --- [main] b.c.PropertySourceBootstrapConfiguration : Located property source: CompositePropertySource {name='configService', propertySources=[MapPropertySource {name='file:/home/sagar/git/microservice_workshop/config-files/productservice.yml'}]}
2018-04-21 08:02:46.375  INFO 22205 --- [main] c.m.ms.ProductServiceApplication         : No active profile set, falling back to default profiles: default
2018-04-21 08:02:46.414  INFO 22205 --- [main] ConfigServletWebServerApplicationContext : Refreshing org.springframework.boot.web.servlet.context.AnnotationConfigServletWebServerApplicationContext@878452d: startup date [Sat Apr 21 08:02:46 IST 2018]; parent: org.springframework.context.annotation.AnnotationConfigApplicationContext@957e06
2018-04-21 08:02:47.146  INFO 22205 --- [main] o.s.b.f.s.DefaultListableBeanFactory     : Overriding bean definition for bean 'environmentWebEndpointExtension' with a different definition: replacing [Root bean: class [null]; scope=; abstract=false; lazyInit=false; autowireMode=3; dependencyCheck=0; autowireCandidate=true; primary=false; factoryBeanName=org.springframework.boot.actuate.autoconfigure.env.EnvironmentEndpointAutoConfiguration; factoryMethodName=environmentWebEndpointExtension; initMethodName=null; destroyMethodName=(inferred); defined in class path resource [org/springframework/boot/actuate/autoconfigure/env/EnvironmentEndpointAutoConfiguration.class]] with [Root bean: class [null]; scope=; abstract=false; lazyInit=false; autowireMode=3; dependencyCheck=0; autowireCandidate=true; primary=false; factoryBeanName=org.springframework.cloud.autoconfigure.LifecycleMvcEndpointAutoConfiguration$EndpointConfiguration; factoryMethodName=environmentWebEndpointExtension; initMethodName=null; destroyMethodName=(inferred); defined in class path resource [org/springframework/cloud/autoconfigure/LifecycleMvcEndpointAutoConfiguration$EndpointConfiguration.class]]
2018-04-21 08:02:47.568  INFO 22205 --- [main] o.s.cloud.context.scope.GenericScope     : BeanFactory id=1c397c4b-2d07-355f-a24d-d86442801e24
2018-04-21 08:02:47.588  INFO 22205 --- [main] f.a.AutowiredAnnotationBeanPostProcessor : JSR-330 'javax.inject.Inject' annotation found and supported for autowiring
2018-04-21 08:02:47.813  INFO 22205 --- [main] trationDelegate$BeanPostProcessorChecker : Bean 'org.springframework.cloud.autoconfigure.ConfigurationPropertiesRebinderAutoConfiguration' of type [org.springframework.cloud.autoconfigure.ConfigurationPropertiesRebinderAutoConfiguration$$EnhancerBySpringCGLIB$$16ad62cb] is not eligible for getting processed by all BeanPostProcessors (for example: not eligible for auto-proxying)
2018-04-21 08:02:48.193  INFO 22205 --- [main] o.s.b.w.embedded.tomcat.TomcatWebServer  : Tomcat initialized with port(s): 8581 (http)
2018-04-21 08:02:48.221  INFO 22205 --- [main] o.apache.catalina.core.StandardService   : Starting service [Tomcat]
2018-04-21 08:02:48.222  INFO 22205 --- [main] org.apache.catalina.core.StandardEngine  : Starting Servlet Engine: Apache Tomcat/8.5.28
2018-04-21 08:02:48.231  INFO 22205 --- [localhost-startStop-1] o.a.catalina.core.AprLifecycleListener   : The APR based Apache Tomcat Native library which allows optimal performance in production environments was not found on the java.library.path: [/usr/java/packages/lib/amd64:/usr/lib/x86_64-linux-gnu/jni:/lib/x86_64-linux-gnu:/usr/lib/x86_64-linux-gnu:/usr/lib/jni:/lib:/usr/lib]
2018-04-21 08:02:48.325  INFO 22205 --- [localhost-startStop-1] o.a.c.c.C.[Tomcat].[localhost].[/]       : Initializing Spring embedded WebApplicationContext
2018-04-21 08:02:48.325  INFO 22205 --- [localhost-startStop-1] o.s.web.context.ContextLoader            : Root WebApplicationContext: initialization completed in 1911 ms
2018-04-21 08:02:49.991  INFO 22205 --- [localhost-startStop-1] o.s.b.w.servlet.ServletRegistrationBean  : Servlet dispatcherServlet mapped to [/]
2018-04-21 08:02:49.995  INFO 22205 --- [localhost-startStop-1] o.s.b.w.servlet.FilterRegistrationBean   : Mapping filter: 'characterEncodingFilter' to: [/*]
2018-04-21 08:02:49.996  INFO 22205 --- [localhost-startStop-1] o.s.b.w.servlet.FilterRegistrationBean   : Mapping filter: 'hiddenHttpMethodFilter' to: [/*]
2018-04-21 08:02:49.996  INFO 22205 --- [localhost-startStop-1] o.s.b.w.servlet.FilterRegistrationBean   : Mapping filter: 'httpPutFormContentFilter' to: [/*]
2018-04-21 08:02:49.996  INFO 22205 --- [localhost-startStop-1] o.s.b.w.servlet.FilterRegistrationBean   : Mapping filter: 'requestContextFilter' to: [/*]
2018-04-21 08:02:49.996  INFO 22205 --- [localhost-startStop-1] o.s.b.w.servlet.FilterRegistrationBean   : Mapping filter: 'httpTraceFilter' to: [/*]
2018-04-21 08:02:49.996  INFO 22205 --- [localhost-startStop-1] o.s.b.w.servlet.FilterRegistrationBean   : Mapping filter: 'webMvcMetricsFilter' to: [/*]
2018-04-21 08:02:50.783  WARN 22205 --- [main] c.n.c.sources.URLConfigurationSource     : No URLs will be polled as dynamic configuration sources.
2018-04-21 08:02:50.783  INFO 22205 --- [main] c.n.c.sources.URLConfigurationSource     : To enable URLs as dynamic configuration sources, define System property archaius.configurationSource.additionalUrls or make config.properties available on classpath.
2018-04-21 08:02:50.790  WARN 22205 --- [main] c.n.c.sources.URLConfigurationSource     : No URLs will be polled as dynamic configuration sources.
2018-04-21 08:02:50.790  INFO 22205 --- [main] c.n.c.sources.URLConfigurationSource     : To enable URLs as dynamic configuration sources, define System property archaius.configurationSource.additionalUrls or make config.properties available on classpath.
2018-04-21 08:02:51.198  INFO 22205 --- [main] s.w.s.m.m.a.RequestMappingHandlerAdapter : Looking for @ControllerAdvice: org.springframework.boot.web.servlet.context.AnnotationConfigServletWebServerApplicationContext@878452d: startup date [Sat Apr 21 08:02:46 IST 2018]; parent: org.springframework.context.annotation.AnnotationConfigApplicationContext@957e06
2018-04-21 08:02:51.278  INFO 22205 --- [main] s.w.s.m.m.a.RequestMappingHandlerMapping : Mapped "{[/product/query/findall],methods=[GET],produces=[application/json]}" onto public org.springframework.http.ResponseEntity<com.metamagic.ms.bean.ResponseBean> com.metamagic.ms.controller.read.ProductQueryController.findAll()
2018-04-21 08:02:51.280  INFO 22205 --- [main] s.w.s.m.m.a.RequestMappingHandlerMapping : Mapped "{[/product/write/save],methods=[POST],produces=[application/json]}" onto public org.springframework.http.ResponseEntity<com.metamagic.ms.bean.ResponseBean> com.metamagic.ms.controller.write.ProductWriteController.save(com.metamagic.ms.entity.Product)
2018-04-21 08:02:51.283  INFO 22205 --- [main] s.w.s.m.m.a.RequestMappingHandlerMapping : Mapped "{[/error],produces=[text/html]}" onto public org.springframework.web.servlet.ModelAndView org.springframework.boot.autoconfigure.web.servlet.error.BasicErrorController.errorHtml(javax.servlet.http.HttpServletRequest,javax.servlet.http.HttpServletResponse)
2018-04-21 08:02:51.284  INFO 22205 --- [main] s.w.s.m.m.a.RequestMappingHandlerMapping : Mapped "{[/error]}" onto public org.springframework.http.ResponseEntity<java.util.Map<java.lang.String, java.lang.Object>> org.springframework.boot.autoconfigure.web.servlet.error.BasicErrorController.error(javax.servlet.http.HttpServletRequest)
2018-04-21 08:02:51.367  INFO 22205 --- [main] o.s.w.s.handler.SimpleUrlHandlerMapping  : Mapped URL path [/webjars/**] onto handler of type [class org.springframework.web.servlet.resource.ResourceHttpRequestHandler]
2018-04-21 08:02:51.367  INFO 22205 --- [main] o.s.w.s.handler.SimpleUrlHandlerMapping  : Mapped URL path [/**] onto handler of type [class org.springframework.web.servlet.resource.ResourceHttpRequestHandler]
2018-04-21 08:02:51.443  INFO 22205 --- [main] o.s.w.s.handler.SimpleUrlHandlerMapping  : Mapped URL path [/**/favicon.ico] onto handler of type [class org.springframework.web.servlet.resource.ResourceHttpRequestHandler]
2018-04-21 08:02:52.005  INFO 22205 --- [main] o.s.ui.freemarker.SpringTemplateLoader   : SpringTemplateLoader for FreeMarker: using resource loader [org.springframework.boot.web.servlet.context.AnnotationConfigServletWebServerApplicationContext@878452d: startup date [Sat Apr 21 08:02:46 IST 2018]; parent: org.springframework.context.annotation.AnnotationConfigApplicationContext@957e06] and template loader path [classpath:/templates/]
2018-04-21 08:02:52.006  INFO 22205 --- [main] o.s.w.s.v.f.FreeMarkerConfigurer         : ClassTemplateLoader for Spring macros added to FreeMarker configuration
2018-04-21 08:02:52.366  INFO 22205 --- [main] s.b.a.e.w.s.WebMvcEndpointHandlerMapping : Mapped "{[/actuator/health],methods=[GET],produces=[application/vnd.spring-boot.actuator.v2+json || application/json]}" onto public java.lang.Object org.springframework.boot.actuate.endpoint.web.servlet.AbstractWebMvcEndpointHandlerMapping$OperationHandler.handle(javax.servlet.http.HttpServletRequest,java.util.Map<java.lang.String, java.lang.String>)
2018-04-21 08:02:52.367  INFO 22205 --- [main] s.b.a.e.w.s.WebMvcEndpointHandlerMapping : Mapped "{[/actuator/info],methods=[GET],produces=[application/vnd.spring-boot.actuator.v2+json || application/json]}" onto public java.lang.Object org.springframework.boot.actuate.endpoint.web.servlet.AbstractWebMvcEndpointHandlerMapping$OperationHandler.handle(javax.servlet.http.HttpServletRequest,java.util.Map<java.lang.String, java.lang.String>)
2018-04-21 08:02:52.368  INFO 22205 --- [main] s.b.a.e.w.s.WebMvcEndpointHandlerMapping : Mapped "{[/actuator],methods=[GET],produces=[application/vnd.spring-boot.actuator.v2+json || application/json]}" onto protected java.util.Map<java.lang.String, java.util.Map<java.lang.String, org.springframework.boot.actuate.endpoint.web.Link>> org.springframework.boot.actuate.endpoint.web.servlet.WebMvcEndpointHandlerMapping.links(javax.servlet.http.HttpServletRequest,javax.servlet.http.HttpServletResponse)
2018-04-21 08:02:52.503  INFO 22205 --- [main] o.s.j.e.a.AnnotationMBeanExporter        : Registering beans for JMX exposure on startup
2018-04-21 08:02:52.514  INFO 22205 --- [main] o.s.j.e.a.AnnotationMBeanExporter        : Bean with name 'configurationPropertiesRebinder' has been autodetected for JMX exposure
2018-04-21 08:02:52.515  INFO 22205 --- [main] o.s.j.e.a.AnnotationMBeanExporter        : Bean with name 'environmentManager' has been autodetected for JMX exposure
2018-04-21 08:02:52.519  INFO 22205 --- [main] o.s.j.e.a.AnnotationMBeanExporter        : Bean with name 'refreshScope' has been autodetected for JMX exposure
2018-04-21 08:02:52.522  INFO 22205 --- [main] o.s.j.e.a.AnnotationMBeanExporter        : Located managed bean 'environmentManager': registering with JMX server as MBean [org.springframework.cloud.context.environment:name=environmentManager,type=EnvironmentManager]
2018-04-21 08:02:52.531  INFO 22205 --- [main] o.s.j.e.a.AnnotationMBeanExporter        : Located managed bean 'refreshScope': registering with JMX server as MBean [org.springframework.cloud.context.scope.refresh:name=refreshScope,type=RefreshScope]
2018-04-21 08:02:52.541  INFO 22205 --- [main] o.s.j.e.a.AnnotationMBeanExporter        : Located managed bean 'configurationPropertiesRebinder': registering with JMX server as MBean [org.springframework.cloud.context.properties:name=configurationPropertiesRebinder,context=878452d,type=ConfigurationPropertiesRebinder]
2018-04-21 08:02:52.559  INFO 22205 --- [main] o.s.c.support.DefaultLifecycleProcessor  : Starting beans in phase 0
2018-04-21 08:02:52.575  INFO 22205 --- [main] o.s.c.n.eureka.InstanceInfoFactory       : Setting initial instance status as: STARTING
2018-04-21 08:02:52.631  INFO 22205 --- [main] com.netflix.discovery.DiscoveryClient    : Initializing Eureka in region us-east-1
2018-04-21 08:02:53.021  INFO 22205 --- [main] c.n.d.provider.DiscoveryJerseyProvider   : Using JSON encoding codec LegacyJacksonJson
2018-04-21 08:02:53.022  INFO 22205 --- [main] c.n.d.provider.DiscoveryJerseyProvider   : Using JSON decoding codec LegacyJacksonJson
2018-04-21 08:02:53.125  INFO 22205 --- [main] c.n.d.provider.DiscoveryJerseyProvider   : Using XML encoding codec XStreamXml
2018-04-21 08:02:53.125  INFO 22205 --- [main] c.n.d.provider.DiscoveryJerseyProvider   : Using XML decoding codec XStreamXml
2018-04-21 08:02:53.310  INFO 22205 --- [main] c.n.d.s.r.aws.ConfigClusterResolver      : Resolving eureka endpoints via configuration
2018-04-21 08:02:53.340  INFO 22205 --- [main] com.netflix.discovery.DiscoveryClient    : Disable delta property : false
2018-04-21 08:02:53.341  INFO 22205 --- [main] com.netflix.discovery.DiscoveryClient    : Single vip registry refresh property : null
2018-04-21 08:02:53.341  INFO 22205 --- [main] com.netflix.discovery.DiscoveryClient    : Force full registry fetch : false
2018-04-21 08:02:53.341  INFO 22205 --- [main] com.netflix.discovery.DiscoveryClient    : Application is null : false
2018-04-21 08:02:53.341  INFO 22205 --- [main] com.netflix.discovery.DiscoveryClient    : Registered Applications size is zero : true
2018-04-21 08:02:53.342  INFO 22205 --- [main] com.netflix.discovery.DiscoveryClient    : Application version is -1: true
2018-04-21 08:02:53.342  INFO 22205 --- [main] com.netflix.discovery.DiscoveryClient    : Getting all instance registry info from the eureka server
2018-04-21 08:02:53.459  INFO 22205 --- [main] com.netflix.discovery.DiscoveryClient    : The response status is 200
2018-04-21 08:02:53.462  INFO 22205 --- [main] com.netflix.discovery.DiscoveryClient    : Starting heartbeat executor: renew interval is: 5
2018-04-21 08:02:53.466  INFO 22205 --- [main] c.n.discovery.InstanceInfoReplicator     : InstanceInfoReplicator onDemand update allowed rate per min is 4
2018-04-21 08:02:53.470  INFO 22205 --- [main] com.netflix.discovery.DiscoveryClient    : Discovery Client initialized at timestamp 1524277973469 with initial instances count: 6
2018-04-21 08:02:53.481  INFO 22205 --- [main] o.s.c.n.e.s.EurekaServiceRegistry        : Registering application productservice with eureka with status UP
2018-04-21 08:02:53.482  INFO 22205 --- [main] com.netflix.discovery.DiscoveryClient    : Saw local status change event StatusChangeEvent [timestamp=1524277973481, current=UP, previous=STARTING]
2018-04-21 08:02:53.484  INFO 22205 --- [DiscoveryClient-InstanceInfoReplicator-0] com.netflix.discovery.DiscoveryClient    : DiscoveryClient_PRODUCTSERVICE/172.20.10.2:productservice:8581: registering service...
2018-04-21 08:02:53.529  INFO 22205 --- [DiscoveryClient-InstanceInfoReplicator-0] com.netflix.discovery.DiscoveryClient    : DiscoveryClient_PRODUCTSERVICE/172.20.10.2:productservice:8581 - registration status: 204
2018-04-21 08:02:53.556  INFO 22205 --- [main] o.s.b.w.embedded.tomcat.TomcatWebServer  : Tomcat started on port(s): 8581 (http) with context path ''
2018-04-21 08:02:53.557  INFO 22205 --- [main] .s.c.n.e.s.EurekaAutoServiceRegistration : Updating port to 8581
2018-04-21 08:02:53.559  INFO 22205 --- [main] c.m.ms.ProductServiceApplication         : Started ProductServiceApplication in 9.594 seconds (JVM running for 10.538)
2018-04-21 08:03:59.473  INFO 22205 --- [http-nio-8581-exec-1] o.a.c.c.C.[Tomcat].[localhost].[/]       : Initializing Spring FrameworkServlet 'dispatcherServlet'
2018-04-21 08:03:59.474  INFO 22205 --- [http-nio-8581-exec-1] o.s.web.servlet.DispatcherServlet        : FrameworkServlet 'dispatcherServlet': initialization started
2018-04-21 08:03:59.528  INFO 22205 --- [http-nio-8581-exec-1] o.s.web.servlet.DispatcherServlet        : FrameworkServlet 'dispatcherServlet': initialization completed in 54 ms
2018-04-21 08:03:59.784  INFO 22205 --- [http-nio-8581-exec-1] com.metamagic.ms.aspect.ServiceAspect    : Sat Apr 21 08:03:59 IST 2018 Executing [ class com.metamagic.ms.service.TokenService getTokenData  ] starts
2018-04-21 08:04:00.401  INFO 22205 --- [http-nio-8581-exec-1] com.metamagic.ms.aspect.ServiceAspect    : Sat Apr 21 08:04:00 IST 2018 Executing [ class com.metamagic.ms.service.TokenService getTokenData  ] ends
2018-04-21 08:04:00.402  INFO 22205 --- [http-nio-8581-exec-1] c.metamagic.ms.aspect.ControllerAspect   : Sat Apr 21 08:04:00 IST 2018 Executing [ class com.metamagic.ms.controller.write.ProductWriteController save  ] starts
2018-04-21 08:04:00.410  INFO 22205 --- [http-nio-8581-exec-1] com.metamagic.ms.aspect.ServiceAspect    : Sat Apr 21 08:04:00 IST 2018 Executing [ class com.metamagic.ms.service.write.ProductWriteServiceImpl save  ] starts
2018-04-21 08:04:00.810 DEBUG 22205 --- [http-nio-8581-exec-1] DataNucleus.Datastore.Native             : BATCH [INSERT INTO "PRODUCT" ("DESC","IMAGE","NAME","PRICE","_ID") VALUES (<'jadhav123'>,<null>,<'jadhav123'>,<450.0>,<'18aeb24a-3e27-4da1-b2ef-cc89a262b0ad'>)]
2018-04-21 08:04:00.830  INFO 22205 --- [http-nio-8581-exec-1] com.metamagic.ms.aspect.ServiceAspect    : Sat Apr 21 08:04:00 IST 2018 Executing [ class com.metamagic.ms.service.write.ProductWriteServiceImpl save  ] ends
2018-04-21 08:04:00.831  INFO 22205 --- [http-nio-8581-exec-1] c.metamagic.ms.aspect.ControllerAspect   : Sat Apr 21 08:04:00 IST 2018 Executing [ class com.metamagic.ms.controller.write.ProductWriteController save  ] ends
2018-04-21 08:04:01.569  INFO 22205 --- [http-nio-8581-exec-2] com.metamagic.ms.aspect.ServiceAspect    : Sat Apr 21 08:04:01 IST 2018 Executing [ class com.metamagic.ms.service.TokenService getTokenData  ] starts
2018-04-21 08:04:01.571  INFO 22205 --- [http-nio-8581-exec-2] com.metamagic.ms.aspect.ServiceAspect    : Sat Apr 21 08:04:01 IST 2018 Executing [ class com.metamagic.ms.service.TokenService getTokenData  ] ends
2018-04-21 08:04:01.572  INFO 22205 --- [http-nio-8581-exec-2] c.metamagic.ms.aspect.ControllerAspect   : Sat Apr 21 08:04:01 IST 2018 Executing [ class com.metamagic.ms.controller.write.ProductWriteController save  ] starts
2018-04-21 08:04:01.574  INFO 22205 --- [http-nio-8581-exec-2] com.metamagic.ms.aspect.ServiceAspect    : Sat Apr 21 08:04:01 IST 2018 Executing [ class com.metamagic.ms.service.write.ProductWriteServiceImpl save  ] starts
2018-04-21 08:04:01.578 DEBUG 22205 --- [http-nio-8581-exec-2] DataNucleus.Datastore.Native             : BATCH [INSERT INTO "PRODUCT" ("DESC","IMAGE","NAME","PRICE","_ID") VALUES (<'jadhav123'>,<null>,<'jadhav123'>,<450.0>,<'2537cfe3-3327-49af-a81a-6bdb265418f5'>)]
2018-04-21 08:04:01.582  INFO 22205 --- [http-nio-8581-exec-2] com.metamagic.ms.aspect.ServiceAspect    : Sat Apr 21 08:04:01 IST 2018 Executing [ class com.metamagic.ms.service.write.ProductWriteServiceImpl save  ] ends
2018-04-21 08:04:01.583  INFO 22205 --- [http-nio-8581-exec-2] c.metamagic.ms.aspect.ControllerAspect   : Sat Apr 21 08:04:01 IST 2018 Executing [ class com.metamagic.ms.controller.write.ProductWriteController save  ] ends
2018-04-21 08:04:01.665  INFO 22205 --- [http-nio-8581-exec-3] c.metamagic.ms.aspect.ControllerAspect   : Sat Apr 21 08:04:01 IST 2018 Executing [ class com.metamagic.ms.controller.read.ProductQueryController findAll  ] starts
2018-04-21 08:04:01.671  INFO 22205 --- [http-nio-8581-exec-3] com.metamagic.ms.aspect.ServiceAspect    : Sat Apr 21 08:04:01 IST 2018 Executing [ class com.metamagic.ms.service.read.ProductReadServiceImpl getProducts  ] starts
2018-04-21 08:04:01.786 DEBUG 22205 --- [http-nio-8581-exec-3] DataNucleus.Datastore.Native             : SELECT 'com.metamagic.ms.entity.Product' AS "DN_TYPE","A0"."DESC","A0"."_ID","A0"."IMAGE","A0"."NAME","A0"."PRICE" FROM "PRODUCT" "A0"
2018-04-21 08:04:01.801  INFO 22205 --- [http-nio-8581-exec-3] com.metamagic.ms.aspect.ServiceAspect    : Sat Apr 21 08:04:01 IST 2018 Executing [ class com.metamagic.ms.service.read.ProductReadServiceImpl getProducts  ] ends
2018-04-21 08:04:01.801  INFO 22205 --- [http-nio-8581-exec-3] c.metamagic.ms.aspect.ControllerAspect   : Sat Apr 21 08:04:01 IST 2018 Executing [ class com.metamagic.ms.controller.read.ProductQueryController findAll  ] ends
2018-04-21 08:05:04.954  INFO   --- [main] .b.t.c.SpringBootTestContextBootstrapper : Neither @ContextConfiguration nor @ContextHierarchy found for test class [com.metamagic.ms.workshop.ProductServiceApplicationTests], using SpringBootContextLoader
2018-04-21 08:05:04.959  INFO   --- [main] o.s.t.c.support.AbstractContextLoader    : Could not detect default resource locations for test class [com.metamagic.ms.workshop.ProductServiceApplicationTests]: no resource found for suffixes {-context.xml, Context.groovy}.
2018-04-21 08:05:04.960  INFO   --- [main] t.c.s.AnnotationConfigContextLoaderUtils : Could not detect default configuration classes for test class [com.metamagic.ms.workshop.ProductServiceApplicationTests]: ProductServiceApplicationTests does not declare any static, non-private, non-final, nested classes annotated with @Configuration.
2018-04-21 08:05:05.047  INFO   --- [main] .b.t.c.SpringBootTestContextBootstrapper : Found @SpringBootConfiguration com.metamagic.ms.ProductServiceApplication for test class com.metamagic.ms.workshop.ProductServiceApplicationTests
2018-04-21 08:05:05.160  INFO   --- [main] .b.t.c.SpringBootTestContextBootstrapper : Loaded default TestExecutionListener class names from location [META-INF/spring.factories]: [org.springframework.boot.test.mock.mockito.MockitoTestExecutionListener, org.springframework.boot.test.mock.mockito.ResetMocksTestExecutionListener, org.springframework.boot.test.autoconfigure.restdocs.RestDocsTestExecutionListener, org.springframework.boot.test.autoconfigure.web.client.MockRestServiceServerResetTestExecutionListener, org.springframework.boot.test.autoconfigure.web.servlet.MockMvcPrintOnlyOnFailureTestExecutionListener, org.springframework.boot.test.autoconfigure.web.servlet.WebDriverTestExecutionListener, org.springframework.test.context.web.ServletTestExecutionListener, org.springframework.test.context.support.DirtiesContextBeforeModesTestExecutionListener, org.springframework.test.context.support.DependencyInjectionTestExecutionListener, org.springframework.test.context.support.DirtiesContextTestExecutionListener, org.springframework.test.context.transaction.TransactionalTestExecutionListener, org.springframework.test.context.jdbc.SqlScriptsTestExecutionListener]
2018-04-21 08:05:05.267  INFO   --- [main] .b.t.c.SpringBootTestContextBootstrapper : Using TestExecutionListeners: [org.springframework.test.context.web.ServletTestExecutionListener@3406472c, org.springframework.test.context.support.DirtiesContextBeforeModesTestExecutionListener@5717c37, org.springframework.boot.test.mock.mockito.MockitoTestExecutionListener@68f4865, org.springframework.boot.test.autoconfigure.SpringBootDependencyInjectionTestExecutionListener@4816278d, org.springframework.test.context.support.DirtiesContextTestExecutionListener@4eaf3684, org.springframework.boot.test.mock.mockito.ResetMocksTestExecutionListener@40317ba2, org.springframework.boot.test.autoconfigure.restdocs.RestDocsTestExecutionListener@3c01cfa1, org.springframework.boot.test.autoconfigure.web.client.MockRestServiceServerResetTestExecutionListener@45d2ade3, org.springframework.boot.test.autoconfigure.web.servlet.MockMvcPrintOnlyOnFailureTestExecutionListener@727eb8cb, org.springframework.boot.test.autoconfigure.web.servlet.WebDriverTestExecutionListener@39d9314d]
2018-04-21 08:05:05.684  INFO 24140 --- [main] s.c.a.AnnotationConfigApplicationContext : Refreshing org.springframework.context.annotation.AnnotationConfigApplicationContext@58c34bb3: startup date [Sat Apr 21 08:05:05 IST 2018]; root of context hierarchy
2018-04-21 08:05:05.914  INFO 24140 --- [main] f.a.AutowiredAnnotationBeanPostProcessor : JSR-330 'javax.inject.Inject' annotation found and supported for autowiring
2018-04-21 08:05:05.988  INFO 24140 --- [main] trationDelegate$BeanPostProcessorChecker : Bean 'configurationPropertiesRebinderAutoConfiguration' of type [org.springframework.cloud.autoconfigure.ConfigurationPropertiesRebinderAutoConfiguration$$EnhancerBySpringCGLIB$$d77b41e3] is not eligible for getting processed by all BeanPostProcessors (for example: not eligible for auto-proxying)
2018-04-21 08:05:06.222  INFO 24140 --- [main] c.c.c.ConfigServicePropertySourceLocator : Fetching config from server at: http://localhost:6061
2018-04-21 08:05:06.388  INFO 24140 --- [main] c.c.c.ConfigServicePropertySourceLocator : Located environment: name=productservice, profiles=[default], label=null, version=null, state=null
2018-04-21 08:05:06.388  INFO 24140 --- [main] b.c.PropertySourceBootstrapConfiguration : Located property source: CompositePropertySource {name='configService', propertySources=[MapPropertySource {name='file:/home/sagar/git/microservice_workshop/config-files/productservice.yml'}]}
2018-04-21 08:05:06.463  INFO 24140 --- [main] c.m.m.w.ProductServiceApplicationTests   : No active profile set, falling back to default profiles: default
2018-04-21 08:05:06.467  INFO 24140 --- [main] o.s.w.c.s.GenericWebApplicationContext   : Refreshing org.springframework.web.context.support.GenericWebApplicationContext@1e34c607: startup date [Sat Apr 21 08:05:06 IST 2018]; parent: org.springframework.context.annotation.AnnotationConfigApplicationContext@58c34bb3
2018-04-21 08:05:07.263  INFO 24140 --- [main] o.s.b.f.s.DefaultListableBeanFactory     : Overriding bean definition for bean 'environmentWebEndpointExtension' with a different definition: replacing [Root bean: class [null]; scope=; abstract=false; lazyInit=false; autowireMode=3; dependencyCheck=0; autowireCandidate=true; primary=false; factoryBeanName=org.springframework.boot.actuate.autoconfigure.env.EnvironmentEndpointAutoConfiguration; factoryMethodName=environmentWebEndpointExtension; initMethodName=null; destroyMethodName=(inferred); defined in class path resource [org/springframework/boot/actuate/autoconfigure/env/EnvironmentEndpointAutoConfiguration.class]] with [Root bean: class [null]; scope=; abstract=false; lazyInit=false; autowireMode=3; dependencyCheck=0; autowireCandidate=true; primary=false; factoryBeanName=org.springframework.cloud.autoconfigure.LifecycleMvcEndpointAutoConfiguration$EndpointConfiguration; factoryMethodName=environmentWebEndpointExtension; initMethodName=null; destroyMethodName=(inferred); defined in class path resource [org/springframework/cloud/autoconfigure/LifecycleMvcEndpointAutoConfiguration$EndpointConfiguration.class]]
2018-04-21 08:05:07.644  INFO 24140 --- [main] o.s.cloud.context.scope.GenericScope     : BeanFactory id=f654780b-dfdb-37d7-b909-ed74fddb0ec5
2018-04-21 08:05:07.710  INFO 24140 --- [main] f.a.AutowiredAnnotationBeanPostProcessor : JSR-330 'javax.inject.Inject' annotation found and supported for autowiring
2018-04-21 08:05:07.941  INFO 24140 --- [main] trationDelegate$BeanPostProcessorChecker : Bean 'org.springframework.cloud.autoconfigure.ConfigurationPropertiesRebinderAutoConfiguration' of type [org.springframework.cloud.autoconfigure.ConfigurationPropertiesRebinderAutoConfiguration$$EnhancerBySpringCGLIB$$d77b41e3] is not eligible for getting processed by all BeanPostProcessors (for example: not eligible for auto-proxying)
2018-04-21 08:05:09.210  WARN 24140 --- [main] c.n.c.sources.URLConfigurationSource     : No URLs will be polled as dynamic configuration sources.
2018-04-21 08:05:09.210  INFO 24140 --- [main] c.n.c.sources.URLConfigurationSource     : To enable URLs as dynamic configuration sources, define System property archaius.configurationSource.additionalUrls or make config.properties available on classpath.
2018-04-21 08:05:09.216  WARN 24140 --- [main] c.n.c.sources.URLConfigurationSource     : No URLs will be polled as dynamic configuration sources.
2018-04-21 08:05:09.216  INFO 24140 --- [main] c.n.c.sources.URLConfigurationSource     : To enable URLs as dynamic configuration sources, define System property archaius.configurationSource.additionalUrls or make config.properties available on classpath.
2018-04-21 08:05:09.531  INFO 24140 --- [main] s.w.s.m.m.a.RequestMappingHandlerAdapter : Looking for @ControllerAdvice: org.springframework.web.context.support.GenericWebApplicationContext@1e34c607: startup date [Sat Apr 21 08:05:06 IST 2018]; parent: org.springframework.context.annotation.AnnotationConfigApplicationContext@58c34bb3
2018-04-21 08:05:09.605  INFO 24140 --- [main] s.w.s.m.m.a.RequestMappingHandlerMapping : Mapped "{[/product/query/findall],methods=[GET],produces=[application/json]}" onto public org.springframework.http.ResponseEntity<com.metamagic.ms.bean.ResponseBean> com.metamagic.ms.controller.read.ProductQueryController.findAll()
2018-04-21 08:05:09.606  INFO 24140 --- [main] s.w.s.m.m.a.RequestMappingHandlerMapping : Mapped "{[/product/write/save],methods=[POST],produces=[application/json]}" onto public org.springframework.http.ResponseEntity<com.metamagic.ms.bean.ResponseBean> com.metamagic.ms.controller.write.ProductWriteController.save(com.metamagic.ms.entity.Product)
2018-04-21 08:05:09.609  INFO 24140 --- [main] s.w.s.m.m.a.RequestMappingHandlerMapping : Mapped "{[/error],produces=[text/html]}" onto public org.springframework.web.servlet.ModelAndView org.springframework.boot.autoconfigure.web.servlet.error.BasicErrorController.errorHtml(javax.servlet.http.HttpServletRequest,javax.servlet.http.HttpServletResponse)
2018-04-21 08:05:09.609  INFO 24140 --- [main] s.w.s.m.m.a.RequestMappingHandlerMapping : Mapped "{[/error]}" onto public org.springframework.http.ResponseEntity<java.util.Map<java.lang.String, java.lang.Object>> org.springframework.boot.autoconfigure.web.servlet.error.BasicErrorController.error(javax.servlet.http.HttpServletRequest)
2018-04-21 08:05:09.704  INFO 24140 --- [main] o.s.w.s.handler.SimpleUrlHandlerMapping  : Mapped URL path [/webjars/**] onto handler of type [class org.springframework.web.servlet.resource.ResourceHttpRequestHandler]
2018-04-21 08:05:09.704  INFO 24140 --- [main] o.s.w.s.handler.SimpleUrlHandlerMapping  : Mapped URL path [/**] onto handler of type [class org.springframework.web.servlet.resource.ResourceHttpRequestHandler]
2018-04-21 08:05:09.788  INFO 24140 --- [main] o.s.w.s.handler.SimpleUrlHandlerMapping  : Mapped URL path [/**/favicon.ico] onto handler of type [class org.springframework.web.servlet.resource.ResourceHttpRequestHandler]
2018-04-21 08:05:10.976  INFO 24140 --- [main] o.s.ui.freemarker.SpringTemplateLoader   : SpringTemplateLoader for FreeMarker: using resource loader [org.springframework.web.context.support.GenericWebApplicationContext@1e34c607: startup date [Sat Apr 21 08:05:06 IST 2018]; parent: org.springframework.context.annotation.AnnotationConfigApplicationContext@58c34bb3] and template loader path [classpath:/templates/]
2018-04-21 08:05:10.977  INFO 24140 --- [main] o.s.w.s.v.f.FreeMarkerConfigurer         : ClassTemplateLoader for Spring macros added to FreeMarker configuration
2018-04-21 08:05:11.242  INFO 24140 --- [main] s.b.a.e.w.s.WebMvcEndpointHandlerMapping : Mapped "{[/actuator/health],methods=[GET],produces=[application/vnd.spring-boot.actuator.v2+json || application/json]}" onto public java.lang.Object org.springframework.boot.actuate.endpoint.web.servlet.AbstractWebMvcEndpointHandlerMapping$OperationHandler.handle(javax.servlet.http.HttpServletRequest,java.util.Map<java.lang.String, java.lang.String>)
2018-04-21 08:05:11.243  INFO 24140 --- [main] s.b.a.e.w.s.WebMvcEndpointHandlerMapping : Mapped "{[/actuator/info],methods=[GET],produces=[application/vnd.spring-boot.actuator.v2+json || application/json]}" onto public java.lang.Object org.springframework.boot.actuate.endpoint.web.servlet.AbstractWebMvcEndpointHandlerMapping$OperationHandler.handle(javax.servlet.http.HttpServletRequest,java.util.Map<java.lang.String, java.lang.String>)
2018-04-21 08:05:11.244  INFO 24140 --- [main] s.b.a.e.w.s.WebMvcEndpointHandlerMapping : Mapped "{[/actuator],methods=[GET],produces=[application/vnd.spring-boot.actuator.v2+json || application/json]}" onto protected java.util.Map<java.lang.String, java.util.Map<java.lang.String, org.springframework.boot.actuate.endpoint.web.Link>> org.springframework.boot.actuate.endpoint.web.servlet.WebMvcEndpointHandlerMapping.links(javax.servlet.http.HttpServletRequest,javax.servlet.http.HttpServletResponse)
2018-04-21 08:05:11.424  INFO 24140 --- [main] o.s.c.support.DefaultLifecycleProcessor  : Starting beans in phase 0
2018-04-21 08:05:11.433  INFO 24140 --- [main] o.s.c.n.eureka.InstanceInfoFactory       : Setting initial instance status as: STARTING
2018-04-21 08:05:11.493  INFO 24140 --- [main] com.netflix.discovery.DiscoveryClient    : Initializing Eureka in region us-east-1
2018-04-21 08:05:11.751  INFO 24140 --- [main] c.n.d.provider.DiscoveryJerseyProvider   : Using JSON encoding codec LegacyJacksonJson
2018-04-21 08:05:11.751  INFO 24140 --- [main] c.n.d.provider.DiscoveryJerseyProvider   : Using JSON decoding codec LegacyJacksonJson
2018-04-21 08:05:12.088  INFO 24140 --- [main] c.n.d.provider.DiscoveryJerseyProvider   : Using XML encoding codec XStreamXml
2018-04-21 08:05:12.089  INFO 24140 --- [main] c.n.d.provider.DiscoveryJerseyProvider   : Using XML decoding codec XStreamXml
2018-04-21 08:05:12.288  INFO 24140 --- [main] c.n.d.s.r.aws.ConfigClusterResolver      : Resolving eureka endpoints via configuration
2018-04-21 08:05:12.309  INFO 24140 --- [main] com.netflix.discovery.DiscoveryClient    : Disable delta property : false
2018-04-21 08:05:12.310  INFO 24140 --- [main] com.netflix.discovery.DiscoveryClient    : Single vip registry refresh property : null
2018-04-21 08:05:12.310  INFO 24140 --- [main] com.netflix.discovery.DiscoveryClient    : Force full registry fetch : false
2018-04-21 08:05:12.310  INFO 24140 --- [main] com.netflix.discovery.DiscoveryClient    : Application is null : false
2018-04-21 08:05:12.311  INFO 24140 --- [main] com.netflix.discovery.DiscoveryClient    : Registered Applications size is zero : true
2018-04-21 08:05:12.311  INFO 24140 --- [main] com.netflix.discovery.DiscoveryClient    : Application version is -1: true
2018-04-21 08:05:12.311  INFO 24140 --- [main] com.netflix.discovery.DiscoveryClient    : Getting all instance registry info from the eureka server
2018-04-21 08:05:12.457  INFO 24140 --- [main] com.netflix.discovery.DiscoveryClient    : The response status is 200
2018-04-21 08:05:12.460  INFO 24140 --- [main] com.netflix.discovery.DiscoveryClient    : Starting heartbeat executor: renew interval is: 5
2018-04-21 08:05:12.464  INFO 24140 --- [main] c.n.discovery.InstanceInfoReplicator     : InstanceInfoReplicator onDemand update allowed rate per min is 4
2018-04-21 08:05:12.472  INFO 24140 --- [main] com.netflix.discovery.DiscoveryClient    : Discovery Client initialized at timestamp 1524278112467 with initial instances count: 8
2018-04-21 08:05:12.493  INFO 24140 --- [main] o.s.c.n.e.s.EurekaServiceRegistry        : Registering application productservice with eureka with status UP
2018-04-21 08:05:12.493  INFO 24140 --- [main] com.netflix.discovery.DiscoveryClient    : Saw local status change event StatusChangeEvent [timestamp=1524278112493, current=UP, previous=STARTING]
2018-04-21 08:05:12.496  INFO 24140 --- [DiscoveryClient-InstanceInfoReplicator-0] com.netflix.discovery.DiscoveryClient    : DiscoveryClient_PRODUCTSERVICE/172.20.10.2:productservice:8581: registering service...
2018-04-21 08:05:12.542  INFO 24140 --- [main] c.m.m.w.ProductServiceApplicationTests   : Started ProductServiceApplicationTests in 7.236 seconds (JVM running for 8.082)
2018-04-21 08:05:12.554  INFO 24140 --- [DiscoveryClient-InstanceInfoReplicator-0] com.netflix.discovery.DiscoveryClient    : DiscoveryClient_PRODUCTSERVICE/172.20.10.2:productservice:8581 - registration status: 204
2018-04-21 08:05:12.670  INFO 24140 --- [Thread-7] o.s.w.c.s.GenericWebApplicationContext   : Closing org.springframework.web.context.support.GenericWebApplicationContext@1e34c607: startup date [Sat Apr 21 08:05:06 IST 2018]; parent: org.springframework.context.annotation.AnnotationConfigApplicationContext@58c34bb3
2018-04-21 08:05:12.671  INFO 24140 --- [Thread-7] o.s.c.n.e.s.EurekaServiceRegistry        : Unregistering application productservice with eureka with status DOWN
2018-04-21 08:05:12.672  WARN 24140 --- [Thread-7] com.netflix.discovery.DiscoveryClient    : Saw local status change event StatusChangeEvent [timestamp=1524278112672, current=DOWN, previous=UP]
2018-04-21 08:05:12.672  INFO 24140 --- [DiscoveryClient-InstanceInfoReplicator-0] com.netflix.discovery.DiscoveryClient    : DiscoveryClient_PRODUCTSERVICE/172.20.10.2:productservice:8581: registering service...
2018-04-21 08:05:12.681  INFO 24140 --- [DiscoveryClient-InstanceInfoReplicator-0] com.netflix.discovery.DiscoveryClient    : DiscoveryClient_PRODUCTSERVICE/172.20.10.2:productservice:8581 - registration status: 204
2018-04-21 08:05:12.689  INFO 24140 --- [Thread-7] o.s.c.support.DefaultLifecycleProcessor  : Stopping beans in phase 0
2018-04-21 08:05:12.696  INFO 24140 --- [Thread-7] com.netflix.discovery.DiscoveryClient    : Shutting down DiscoveryClient ...
2018-04-21 08:05:15.700  INFO 24140 --- [Thread-7] com.netflix.discovery.DiscoveryClient    : Unregistering ...
2018-04-21 08:05:15.720  INFO 24140 --- [Thread-7] com.netflix.discovery.DiscoveryClient    : DiscoveryClient_PRODUCTSERVICE/172.20.10.2:productservice:8581 - deregister  status: 200
2018-04-21 08:05:15.754  INFO 24140 --- [Thread-7] com.netflix.discovery.DiscoveryClient    : Completed shut down of DiscoveryClient
2018-04-21 08:05:18.759  INFO 22205 --- [DiscoveryClient-HeartbeatExecutor-0] com.netflix.discovery.DiscoveryClient    : DiscoveryClient_PRODUCTSERVICE/172.20.10.2:productservice:8581 - Re-registering apps/PRODUCTSERVICE
2018-04-21 08:05:18.761  INFO 22205 --- [DiscoveryClient-HeartbeatExecutor-0] com.netflix.discovery.DiscoveryClient    : DiscoveryClient_PRODUCTSERVICE/172.20.10.2:productservice:8581: registering service...
2018-04-21 08:05:18.773  INFO 22205 --- [DiscoveryClient-HeartbeatExecutor-0] com.netflix.discovery.DiscoveryClient    : DiscoveryClient_PRODUCTSERVICE/172.20.10.2:productservice:8581 - registration status: 204
2018-04-21 08:07:53.349  INFO 22205 --- [AsyncResolver-bootstrap-executor-0] c.n.d.s.r.aws.ConfigClusterResolver      : Resolving eureka endpoints via configuration
2018-04-21 08:09:17.327  INFO 22205 --- [http-nio-8581-exec-4] c.metamagic.ms.aspect.ControllerAspect   : Sat Apr 21 08:09:17 IST 2018 Executing [ class com.metamagic.ms.controller.read.ProductQueryController findAll  ] starts
2018-04-21 08:09:17.327  INFO 22205 --- [http-nio-8581-exec-4] com.metamagic.ms.aspect.ServiceAspect    : Sat Apr 21 08:09:17 IST 2018 Executing [ class com.metamagic.ms.service.read.ProductReadServiceImpl getProducts  ] starts
2018-04-21 08:09:17.329 DEBUG 22205 --- [http-nio-8581-exec-4] DataNucleus.Datastore.Native             : SELECT 'com.metamagic.ms.entity.Product' AS "DN_TYPE","A0"."DESC","A0"."_ID","A0"."IMAGE","A0"."NAME","A0"."PRICE" FROM "PRODUCT" "A0"
2018-04-21 08:09:17.335  INFO 22205 --- [http-nio-8581-exec-4] com.metamagic.ms.aspect.ServiceAspect    : Sat Apr 21 08:09:17 IST 2018 Executing [ class com.metamagic.ms.service.read.ProductReadServiceImpl getProducts  ] ends
2018-04-21 08:09:17.336  INFO 22205 --- [http-nio-8581-exec-4] c.metamagic.ms.aspect.ControllerAspect   : Sat Apr 21 08:09:17 IST 2018 Executing [ class com.metamagic.ms.controller.read.ProductQueryController findAll  ] ends
2018-04-21 08:12:53.351  INFO 22205 --- [AsyncResolver-bootstrap-executor-0] c.n.d.s.r.aws.ConfigClusterResolver      : Resolving eureka endpoints via configuration
2018-04-21 08:17:53.352  INFO 22205 --- [AsyncResolver-bootstrap-executor-0] c.n.d.s.r.aws.ConfigClusterResolver      : Resolving eureka endpoints via configuration
2018-04-21 08:18:21.541  INFO 22205 --- [http-nio-8581-exec-5] c.metamagic.ms.aspect.ControllerAspect   : Sat Apr 21 08:18:21 IST 2018 Executing [ class com.metamagic.ms.controller.read.ProductQueryController findAll  ] starts
2018-04-21 08:18:21.541  INFO 22205 --- [http-nio-8581-exec-5] com.metamagic.ms.aspect.ServiceAspect    : Sat Apr 21 08:18:21 IST 2018 Executing [ class com.metamagic.ms.service.read.ProductReadServiceImpl getProducts  ] starts
2018-04-21 08:18:21.544 DEBUG 22205 --- [http-nio-8581-exec-5] DataNucleus.Datastore.Native             : SELECT 'com.metamagic.ms.entity.Product' AS "DN_TYPE","A0"."DESC","A0"."_ID","A0"."IMAGE","A0"."NAME","A0"."PRICE" FROM "PRODUCT" "A0"
2018-04-21 08:18:21.548  INFO 22205 --- [http-nio-8581-exec-5] com.metamagic.ms.aspect.ServiceAspect    : Sat Apr 21 08:18:21 IST 2018 Executing [ class com.metamagic.ms.service.read.ProductReadServiceImpl getProducts  ] ends
2018-04-21 08:18:21.549  INFO 22205 --- [http-nio-8581-exec-5] c.metamagic.ms.aspect.ControllerAspect   : Sat Apr 21 08:18:21 IST 2018 Executing [ class com.metamagic.ms.controller.read.ProductQueryController findAll  ] ends
2018-04-21 08:18:25.992  INFO 22205 --- [http-nio-8581-exec-6] c.metamagic.ms.aspect.ControllerAspect   : Sat Apr 21 08:18:25 IST 2018 Executing [ class com.metamagic.ms.controller.read.ProductQueryController findAll  ] starts
2018-04-21 08:18:25.992  INFO 22205 --- [http-nio-8581-exec-6] com.metamagic.ms.aspect.ServiceAspect    : Sat Apr 21 08:18:25 IST 2018 Executing [ class com.metamagic.ms.service.read.ProductReadServiceImpl getProducts  ] starts
2018-04-21 08:18:26.005 DEBUG 22205 --- [http-nio-8581-exec-6] DataNucleus.Datastore.Native             : SELECT 'com.metamagic.ms.entity.Product' AS "DN_TYPE","A0"."DESC","A0"."_ID","A0"."IMAGE","A0"."NAME","A0"."PRICE" FROM "PRODUCT" "A0"
2018-04-21 08:18:26.025  INFO 22205 --- [http-nio-8581-exec-6] com.metamagic.ms.aspect.ServiceAspect    : Sat Apr 21 08:18:26 IST 2018 Executing [ class com.metamagic.ms.service.read.ProductReadServiceImpl getProducts  ] ends
2018-04-21 08:18:26.026  INFO 22205 --- [http-nio-8581-exec-6] c.metamagic.ms.aspect.ControllerAspect   : Sat Apr 21 08:18:26 IST 2018 Executing [ class com.metamagic.ms.controller.read.ProductQueryController findAll  ] ends
2018-04-21 08:18:43.616  INFO 22205 --- [http-nio-8581-exec-7] c.metamagic.ms.aspect.ControllerAspect   : Sat Apr 21 08:18:43 IST 2018 Executing [ class com.metamagic.ms.controller.read.ProductQueryController findAll  ] starts
2018-04-21 08:18:43.616  INFO 22205 --- [http-nio-8581-exec-7] com.metamagic.ms.aspect.ServiceAspect    : Sat Apr 21 08:18:43 IST 2018 Executing [ class com.metamagic.ms.service.read.ProductReadServiceImpl getProducts  ] starts
2018-04-21 08:18:43.618 DEBUG 22205 --- [http-nio-8581-exec-7] DataNucleus.Datastore.Native             : SELECT 'com.metamagic.ms.entity.Product' AS "DN_TYPE","A0"."DESC","A0"."_ID","A0"."IMAGE","A0"."NAME","A0"."PRICE" FROM "PRODUCT" "A0"
2018-04-21 08:18:43.623  INFO 22205 --- [http-nio-8581-exec-7] com.metamagic.ms.aspect.ServiceAspect    : Sat Apr 21 08:18:43 IST 2018 Executing [ class com.metamagic.ms.service.read.ProductReadServiceImpl getProducts  ] ends
2018-04-21 08:18:43.624  INFO 22205 --- [http-nio-8581-exec-7] c.metamagic.ms.aspect.ControllerAspect   : Sat Apr 21 08:18:43 IST 2018 Executing [ class com.metamagic.ms.controller.read.ProductQueryController findAll  ] ends
2018-04-21 08:19:59.128  INFO 22205 --- [http-nio-8581-exec-9] c.metamagic.ms.aspect.ControllerAspect   : Sat Apr 21 08:19:59 IST 2018 Executing [ class com.metamagic.ms.controller.read.ProductQueryController findAll  ] starts
2018-04-21 08:19:59.128  INFO 22205 --- [http-nio-8581-exec-9] com.metamagic.ms.aspect.ServiceAspect    : Sat Apr 21 08:19:59 IST 2018 Executing [ class com.metamagic.ms.service.read.ProductReadServiceImpl getProducts  ] starts
2018-04-21 08:19:59.133 DEBUG 22205 --- [http-nio-8581-exec-9] DataNucleus.Datastore.Native             : SELECT 'com.metamagic.ms.entity.Product' AS "DN_TYPE","A0"."DESC","A0"."_ID","A0"."IMAGE","A0"."NAME","A0"."PRICE" FROM "PRODUCT" "A0"
2018-04-21 08:19:59.139  INFO 22205 --- [http-nio-8581-exec-9] com.metamagic.ms.aspect.ServiceAspect    : Sat Apr 21 08:19:59 IST 2018 Executing [ class com.metamagic.ms.service.read.ProductReadServiceImpl getProducts  ] ends
2018-04-21 08:19:59.142  INFO 22205 --- [http-nio-8581-exec-9] c.metamagic.ms.aspect.ControllerAspect   : Sat Apr 21 08:19:59 IST 2018 Executing [ class com.metamagic.ms.controller.read.ProductQueryController findAll  ] ends
2018-04-21 08:20:25.474  INFO 22205 --- [http-nio-8581-exec-10] c.metamagic.ms.aspect.ControllerAspect   : Sat Apr 21 08:20:25 IST 2018 Executing [ class com.metamagic.ms.controller.read.ProductQueryController findAll  ] starts
2018-04-21 08:20:25.475  INFO 22205 --- [http-nio-8581-exec-10] com.metamagic.ms.aspect.ServiceAspect    : Sat Apr 21 08:20:25 IST 2018 Executing [ class com.metamagic.ms.service.read.ProductReadServiceImpl getProducts  ] starts
2018-04-21 08:20:25.478 DEBUG 22205 --- [http-nio-8581-exec-10] DataNucleus.Datastore.Native             : SELECT 'com.metamagic.ms.entity.Product' AS "DN_TYPE","A0"."DESC","A0"."_ID","A0"."IMAGE","A0"."NAME","A0"."PRICE" FROM "PRODUCT" "A0"
2018-04-21 08:20:25.483  INFO 22205 --- [http-nio-8581-exec-10] com.metamagic.ms.aspect.ServiceAspect    : Sat Apr 21 08:20:25 IST 2018 Executing [ class com.metamagic.ms.service.read.ProductReadServiceImpl getProducts  ] ends
2018-04-21 08:20:25.483  INFO 22205 --- [http-nio-8581-exec-10] c.metamagic.ms.aspect.ControllerAspect   : Sat Apr 21 08:20:25 IST 2018 Executing [ class com.metamagic.ms.controller.read.ProductQueryController findAll  ] ends
2018-04-21 08:22:23.670  INFO 22205 --- [http-nio-8581-exec-1] c.metamagic.ms.aspect.ControllerAspect   : Sat Apr 21 08:22:23 IST 2018 Executing [ class com.metamagic.ms.controller.read.ProductQueryController findAll  ] starts
2018-04-21 08:22:23.671  INFO 22205 --- [http-nio-8581-exec-1] com.metamagic.ms.aspect.ServiceAspect    : Sat Apr 21 08:22:23 IST 2018 Executing [ class com.metamagic.ms.service.read.ProductReadServiceImpl getProducts  ] starts
2018-04-21 08:22:23.678 DEBUG 22205 --- [http-nio-8581-exec-1] DataNucleus.Datastore.Native             : SELECT 'com.metamagic.ms.entity.Product' AS "DN_TYPE","A0"."DESC","A0"."_ID","A0"."IMAGE","A0"."NAME","A0"."PRICE" FROM "PRODUCT" "A0"
2018-04-21 08:22:23.682  INFO 22205 --- [http-nio-8581-exec-1] com.metamagic.ms.aspect.ServiceAspect    : Sat Apr 21 08:22:23 IST 2018 Executing [ class com.metamagic.ms.service.read.ProductReadServiceImpl getProducts  ] ends
2018-04-21 08:22:23.683  INFO 22205 --- [http-nio-8581-exec-1] c.metamagic.ms.aspect.ControllerAspect   : Sat Apr 21 08:22:23 IST 2018 Executing [ class com.metamagic.ms.controller.read.ProductQueryController findAll  ] ends
2018-04-21 08:22:34.784  INFO 22205 --- [http-nio-8581-exec-3] c.metamagic.ms.aspect.ControllerAspect   : Sat Apr 21 08:22:34 IST 2018 Executing [ class com.metamagic.ms.controller.read.ProductQueryController findAll  ] starts
2018-04-21 08:22:34.785  INFO 22205 --- [http-nio-8581-exec-3] com.metamagic.ms.aspect.ServiceAspect    : Sat Apr 21 08:22:34 IST 2018 Executing [ class com.metamagic.ms.service.read.ProductReadServiceImpl getProducts  ] starts
2018-04-21 08:22:34.786 DEBUG 22205 --- [http-nio-8581-exec-3] DataNucleus.Datastore.Native             : SELECT 'com.metamagic.ms.entity.Product' AS "DN_TYPE","A0"."DESC","A0"."_ID","A0"."IMAGE","A0"."NAME","A0"."PRICE" FROM "PRODUCT" "A0"
2018-04-21 08:22:34.789  INFO 22205 --- [http-nio-8581-exec-3] com.metamagic.ms.aspect.ServiceAspect    : Sat Apr 21 08:22:34 IST 2018 Executing [ class com.metamagic.ms.service.read.ProductReadServiceImpl getProducts  ] ends
2018-04-21 08:22:34.790  INFO 22205 --- [http-nio-8581-exec-3] c.metamagic.ms.aspect.ControllerAspect   : Sat Apr 21 08:22:34 IST 2018 Executing [ class com.metamagic.ms.controller.read.ProductQueryController findAll  ] ends
2018-04-21 08:22:53.355  INFO 22205 --- [AsyncResolver-bootstrap-executor-0] c.n.d.s.r.aws.ConfigClusterResolver      : Resolving eureka endpoints via configuration
2018-04-21 08:26:01.118  INFO 22205 --- [http-nio-8581-exec-4] c.metamagic.ms.aspect.ControllerAspect   : Sat Apr 21 08:26:01 IST 2018 Executing [ class com.metamagic.ms.controller.read.ProductQueryController findAll  ] starts
2018-04-21 08:26:01.118  INFO 22205 --- [http-nio-8581-exec-4] com.metamagic.ms.aspect.ServiceAspect    : Sat Apr 21 08:26:01 IST 2018 Executing [ class com.metamagic.ms.service.read.ProductReadServiceImpl getProducts  ] starts
2018-04-21 08:26:01.119 DEBUG 22205 --- [http-nio-8581-exec-4] DataNucleus.Datastore.Native             : SELECT 'com.metamagic.ms.entity.Product' AS "DN_TYPE","A0"."DESC","A0"."_ID","A0"."IMAGE","A0"."NAME","A0"."PRICE" FROM "PRODUCT" "A0"
2018-04-21 08:26:01.122  INFO 22205 --- [http-nio-8581-exec-4] com.metamagic.ms.aspect.ServiceAspect    : Sat Apr 21 08:26:01 IST 2018 Executing [ class com.metamagic.ms.service.read.ProductReadServiceImpl getProducts  ] ends
2018-04-21 08:26:01.123  INFO 22205 --- [http-nio-8581-exec-4] c.metamagic.ms.aspect.ControllerAspect   : Sat Apr 21 08:26:01 IST 2018 Executing [ class com.metamagic.ms.controller.read.ProductQueryController findAll  ] ends
2018-04-21 08:27:53.356  INFO 22205 --- [AsyncResolver-bootstrap-executor-0] c.n.d.s.r.aws.ConfigClusterResolver      : Resolving eureka endpoints via configuration
